c:\users\mediaexplorer\source\repos\bochs\obj-debug\cpu\crc32.obj
c:\users\mediaexplorer\source\repos\bochs\obj-debug\cpu\cpuid.obj
c:\users\mediaexplorer\source\repos\bochs\obj-debug\cpu\cpu.obj
c:\users\mediaexplorer\source\repos\bochs\obj-debug\cpu\call_far.obj
c:\users\mediaexplorer\source\repos\bochs\obj-debug\cpu\bmi64.obj
c:\users\mediaexplorer\source\repos\bochs\obj-debug\cpu\bmi32.obj
c:\users\mediaexplorer\source\repos\bochs\obj-debug\cpu\bit64.obj
c:\users\mediaexplorer\source\repos\bochs\obj-debug\cpu\bit32.obj
c:\users\mediaexplorer\source\repos\bochs\obj-debug\cpu\bit16.obj
c:\users\mediaexplorer\source\repos\bochs\obj-debug\cpu\bit.obj
c:\users\mediaexplorer\source\repos\bochs\obj-debug\cpu\bcd.obj
c:\users\mediaexplorer\source\repos\bochs\obj-debug\cpu\arith8.obj
c:\users\mediaexplorer\source\repos\bochs\obj-debug\cpu\arith64.obj
c:\users\mediaexplorer\source\repos\bochs\obj-debug\cpu\arith32.obj
c:\users\mediaexplorer\source\repos\bochs\obj-debug\cpu\arith16.obj
c:\users\mediaexplorer\source\repos\bochs\obj-debug\cpu\apic.obj
c:\users\mediaexplorer\source\repos\bochs\obj-debug\cpu\aes.obj
c:\users\mediaexplorer\source\repos\bochs\obj-debug\cpu\access2.obj
c:\users\mediaexplorer\source\repos\bochs\obj-debug\cpu\access.obj
c:\users\mediaexplorer\source\repos\bochs\obj-debug\cpu\3dnow.obj
c:\users\mediaexplorer\source\repos\bochs\obj-debug\cpu\generic_cpuid.obj
c:\users\mediaexplorer\source\repos\bochs\obj-debug\cpu\fpu_emu.obj
c:\users\mediaexplorer\source\repos\bochs\obj-debug\cpu\flag_ctrl_pro.obj
c:\users\mediaexplorer\source\repos\bochs\obj-debug\cpu\flag_ctrl.obj
c:\users\mediaexplorer\source\repos\bochs\obj-debug\cpu\faststring.obj
c:\users\mediaexplorer\source\repos\bochs\obj-debug\cpu\exception.obj
c:\users\mediaexplorer\source\repos\bochs\obj-debug\cpu\event.obj
c:\users\mediaexplorer\source\repos\bochs\obj-debug\cpu\fetchdecode64.obj
c:\users\mediaexplorer\source\repos\bochs\obj-debug\cpu\fetchdecode32.obj
c:\users\mediaexplorer\source\repos\bochs\obj-debug\cpu\disasm.obj
c:\users\mediaexplorer\source\repos\bochs\obj-debug\cpu\debugstuff.obj
c:\users\mediaexplorer\source\repos\bochs\obj-debug\cpu\data_xfer8.obj
c:\users\mediaexplorer\source\repos\bochs\obj-debug\cpu\data_xfer64.obj
c:\users\mediaexplorer\source\repos\bochs\obj-debug\cpu\data_xfer32.obj
c:\users\mediaexplorer\source\repos\bochs\obj-debug\cpu\data_xfer16.obj
c:\users\mediaexplorer\source\repos\bochs\obj-debug\cpu\ctrl_xfer_pro.obj
c:\users\mediaexplorer\source\repos\bochs\obj-debug\cpu\ctrl_xfer64.obj
c:\users\mediaexplorer\source\repos\bochs\obj-debug\cpu\ctrl_xfer32.obj
c:\users\mediaexplorer\source\repos\bochs\obj-debug\cpu\ctrl_xfer16.obj
c:\users\mediaexplorer\source\repos\bochs\obj-debug\cpu\crregs.obj
c:\users\mediaexplorer\source\repos\bochs\obj-debug\cpu\proc_ctrl.obj
c:\users\mediaexplorer\source\repos\bochs\obj-debug\cpu\paging.obj
c:\users\mediaexplorer\source\repos\bochs\obj-debug\cpu\mwait.obj
c:\users\mediaexplorer\source\repos\bochs\obj-debug\cpu\mult8.obj
c:\users\mediaexplorer\source\repos\bochs\obj-debug\cpu\mult64.obj
c:\users\mediaexplorer\source\repos\bochs\obj-debug\cpu\mult32.obj
c:\users\mediaexplorer\source\repos\bochs\obj-debug\cpu\mult16.obj
c:\users\mediaexplorer\source\repos\bochs\obj-debug\cpu\msr.obj
c:\users\mediaexplorer\source\repos\bochs\obj-debug\cpu\mmx.obj
c:\users\mediaexplorer\source\repos\bochs\obj-debug\cpu\logical8.obj
c:\users\mediaexplorer\source\repos\bochs\obj-debug\cpu\logical64.obj
c:\users\mediaexplorer\source\repos\bochs\obj-debug\cpu\logical32.obj
c:\users\mediaexplorer\source\repos\bochs\obj-debug\cpu\logical16.obj
c:\users\mediaexplorer\source\repos\bochs\obj-debug\cpu\load.obj
c:\users\mediaexplorer\source\repos\bochs\obj-debug\cpu\jmp_far.obj
c:\users\mediaexplorer\source\repos\bochs\obj-debug\cpu\iret.obj
c:\users\mediaexplorer\source\repos\bochs\obj-debug\cpu\io.obj
c:\users\mediaexplorer\source\repos\bochs\obj-debug\cpu\init.obj
c:\users\mediaexplorer\source\repos\bochs\obj-debug\cpu\icache.obj
c:\users\mediaexplorer\source\repos\bochs\obj-debug\cpu\gf2.obj
c:\users\mediaexplorer\source\repos\bochs\obj-debug\cpu\stack32.obj
c:\users\mediaexplorer\source\repos\bochs\obj-debug\cpu\stack16.obj
c:\users\mediaexplorer\source\repos\bochs\obj-debug\cpu\stack.obj
c:\users\mediaexplorer\source\repos\bochs\obj-debug\cpu\sse_string.obj
c:\users\mediaexplorer\source\repos\bochs\obj-debug\cpu\sse_rcp.obj
c:\users\mediaexplorer\source\repos\bochs\obj-debug\cpu\sse_pfp.obj
c:\users\mediaexplorer\source\repos\bochs\obj-debug\cpu\sse_move.obj
c:\users\mediaexplorer\source\repos\bochs\obj-debug\cpu\sse.obj
c:\users\mediaexplorer\source\repos\bochs\obj-debug\cpu\soft_int.obj
c:\users\mediaexplorer\source\repos\bochs\obj-debug\cpu\smm.obj
c:\users\mediaexplorer\source\repos\bochs\obj-debug\cpu\shift8.obj
c:\users\mediaexplorer\source\repos\bochs\obj-debug\cpu\shift64.obj
c:\users\mediaexplorer\source\repos\bochs\obj-debug\cpu\shift32.obj
c:\users\mediaexplorer\source\repos\bochs\obj-debug\cpu\shift16.obj
c:\users\mediaexplorer\source\repos\bochs\obj-debug\cpu\sha.obj
c:\users\mediaexplorer\source\repos\bochs\obj-debug\cpu\segment_ctrl_pro.obj
c:\users\mediaexplorer\source\repos\bochs\obj-debug\cpu\segment_ctrl.obj
c:\users\mediaexplorer\source\repos\bochs\obj-debug\cpu\ret_far.obj
c:\users\mediaexplorer\source\repos\bochs\obj-debug\cpu\rdrand.obj
c:\users\mediaexplorer\source\repos\bochs\obj-debug\cpu\protect_ctrl.obj
c:\users\mediaexplorer\source\repos\bochs\obj-debug\cpu\xsave.obj
c:\users\mediaexplorer\source\repos\bochs\obj-debug\cpu\wide_int.obj
c:\users\mediaexplorer\source\repos\bochs\obj-debug\cpu\vmx.obj
c:\users\mediaexplorer\source\repos\bochs\obj-debug\cpu\vmfunc.obj
c:\users\mediaexplorer\source\repos\bochs\obj-debug\cpu\vmexit.obj
c:\users\mediaexplorer\source\repos\bochs\obj-debug\cpu\vmcs.obj
c:\users\mediaexplorer\source\repos\bochs\obj-debug\cpu\vm8086.obj
c:\users\mediaexplorer\source\repos\bochs\obj-debug\cpu\vapic.obj
c:\users\mediaexplorer\source\repos\bochs\obj-debug\cpu\tasking.obj
c:\users\mediaexplorer\source\repos\bochs\obj-debug\cpu\svm.obj
c:\users\mediaexplorer\source\repos\bochs\obj-debug\cpu\string.obj
c:\users\mediaexplorer\source\repos\bochs\obj-debug\cpu\stack64.obj
c:\users\mediaexplorer\source\repos\bochs\obj-debug\cpu.lib
c:\users\mediaexplorer\source\repos\bochs\obj-debug\cpu\cpu.tlog\cl.command.1.tlog
c:\users\mediaexplorer\source\repos\bochs\obj-debug\cpu\cpu.tlog\cl.read.1.tlog
c:\users\mediaexplorer\source\repos\bochs\obj-debug\cpu\cpu.tlog\cl.write.1.tlog
c:\users\mediaexplorer\source\repos\bochs\obj-debug\cpu\cpu.tlog\lib-link.read.1.tlog
c:\users\mediaexplorer\source\repos\bochs\obj-debug\cpu\cpu.tlog\lib-link.write.1.tlog
c:\users\mediaexplorer\source\repos\bochs\obj-debug\cpu\cpu.tlog\lib.command.1.tlog
