c:\users\mediaexplorer\source\repos\bochs\obj-debug\fpu\softfloat16.obj
c:\users\mediaexplorer\source\repos\bochs\obj-debug\fpu\softfloat.obj
c:\users\mediaexplorer\source\repos\bochs\obj-debug\fpu\softfloat-specialize.obj
c:\users\mediaexplorer\source\repos\bochs\obj-debug\fpu\softfloat-round-pack.obj
c:\users\mediaexplorer\source\repos\bochs\obj-debug\fpu\softfloat-muladd.obj
c:\users\mediaexplorer\source\repos\bochs\obj-debug\fpu\poly.obj
c:\users\mediaexplorer\source\repos\bochs\obj-debug\fpu\fyl2x.obj
c:\users\mediaexplorer\source\repos\bochs\obj-debug\fpu\fsincos.obj
c:\users\mediaexplorer\source\repos\bochs\obj-debug\fpu\fpu_trans.obj
c:\users\mediaexplorer\source\repos\bochs\obj-debug\fpu\fpu_misc.obj
c:\users\mediaexplorer\source\repos\bochs\obj-debug\fpu\fpu_load_store.obj
c:\users\mediaexplorer\source\repos\bochs\obj-debug\fpu\fpu_const.obj
c:\users\mediaexplorer\source\repos\bochs\obj-debug\fpu\fpu_compare.obj
c:\users\mediaexplorer\source\repos\bochs\obj-debug\fpu\fpu_cmov.obj
c:\users\mediaexplorer\source\repos\bochs\obj-debug\fpu\fpu_arith.obj
c:\users\mediaexplorer\source\repos\bochs\obj-debug\fpu\fpu.obj
c:\users\mediaexplorer\source\repos\bochs\obj-debug\fpu\fprem.obj
c:\users\mediaexplorer\source\repos\bochs\obj-debug\fpu\fpatan.obj
c:\users\mediaexplorer\source\repos\bochs\obj-debug\fpu\ferr.obj
c:\users\mediaexplorer\source\repos\bochs\obj-debug\fpu\f2xm1.obj
c:\users\mediaexplorer\source\repos\bochs\obj-debug\fpu\softfloatx80.obj
c:\users\mediaexplorer\source\repos\bochs\obj-debug\fpu.lib
c:\users\mediaexplorer\source\repos\bochs\obj-debug\fpu\fpu.tlog\cl.command.1.tlog
c:\users\mediaexplorer\source\repos\bochs\obj-debug\fpu\fpu.tlog\cl.read.1.tlog
c:\users\mediaexplorer\source\repos\bochs\obj-debug\fpu\fpu.tlog\cl.write.1.tlog
c:\users\mediaexplorer\source\repos\bochs\obj-debug\fpu\fpu.tlog\lib-link.read.1.tlog
c:\users\mediaexplorer\source\repos\bochs\obj-debug\fpu\fpu.tlog\lib-link.write.1.tlog
c:\users\mediaexplorer\source\repos\bochs\obj-debug\fpu\fpu.tlog\lib.command.1.tlog
