  e1000.cc
c:\Users\mediaexplorer\source\repos\Bochs\iodev\network\e1000.cc(296,5): warning C4996: 'sprintf': This function or variable may be unsafe. Consider using sprintf_s instead. To disable deprecation, use _CRT_SECURE_NO_WARNINGS. See online help for details.
c:\Users\mediaexplorer\source\repos\Bochs\iodev\network\e1000.cc(297,5): warning C4996: 'sprintf': This function or variable may be unsafe. Consider using sprintf_s instead. To disable deprecation, use _CRT_SECURE_NO_WARNINGS. See online help for details.
c:\Users\mediaexplorer\source\repos\Bochs\iodev\network\e1000.cc(323,5): warning C4996: 'sprintf': This function or variable may be unsafe. Consider using sprintf_s instead. To disable deprecation, use _CRT_SECURE_NO_WARNINGS. See online help for details.
c:\Users\mediaexplorer\source\repos\Bochs\iodev\network\e1000.cc(359,5): warning C4996: 'sprintf': This function or variable may be unsafe. Consider using sprintf_s instead. To disable deprecation, use _CRT_SECURE_NO_WARNINGS. See online help for details.
c:\Users\mediaexplorer\source\repos\Bochs\iodev\network\e1000.cc(360,5): warning C4996: 'sprintf': This function or variable may be unsafe. Consider using sprintf_s instead. To disable deprecation, use _CRT_SECURE_NO_WARNINGS. See online help for details.
c:\Users\mediaexplorer\source\repos\Bochs\iodev\network\e1000.cc(383,7): warning C4996: 'sprintf': This function or variable may be unsafe. Consider using sprintf_s instead. To disable deprecation, use _CRT_SECURE_NO_WARNINGS. See online help for details.
c:\Users\mediaexplorer\source\repos\Bochs\iodev\network\e1000.cc(458,5): warning C4996: 'sprintf': This function or variable may be unsafe. Consider using sprintf_s instead. To disable deprecation, use _CRT_SECURE_NO_WARNINGS. See online help for details.
c:\Users\mediaexplorer\source\repos\Bochs\iodev\network\e1000.cc(539,3): warning C4996: 'sprintf': This function or variable may be unsafe. Consider using sprintf_s instead. To disable deprecation, use _CRT_SECURE_NO_WARNINGS. See online help for details.
c:\Users\mediaexplorer\source\repos\Bochs\iodev\network\e1000.cc(541,3): warning C4996: 'sprintf': This function or variable may be unsafe. Consider using sprintf_s instead. To disable deprecation, use _CRT_SECURE_NO_WARNINGS. See online help for details.
c:\Users\mediaexplorer\source\repos\Bochs\iodev\network\e1000.cc(542,3): warning C4996: 'sprintf': This function or variable may be unsafe. Consider using sprintf_s instead. To disable deprecation, use _CRT_SECURE_NO_WARNINGS. See online help for details.
c:\Users\mediaexplorer\source\repos\Bochs\iodev\network\e1000.cc(649,3): warning C4996: 'sprintf': This function or variable may be unsafe. Consider using sprintf_s instead. To disable deprecation, use _CRT_SECURE_NO_WARNINGS. See online help for details.
c:\Users\mediaexplorer\source\repos\Bochs\iodev\network\e1000.cc(654,5): warning C4996: 'sprintf': This function or variable may be unsafe. Consider using sprintf_s instead. To disable deprecation, use _CRT_SECURE_NO_WARNINGS. See online help for details.
c:\Users\mediaexplorer\source\repos\Bochs\iodev\network\e1000.cc(659,5): warning C4996: 'sprintf': This function or variable may be unsafe. Consider using sprintf_s instead. To disable deprecation, use _CRT_SECURE_NO_WARNINGS. See online help for details.
  eth_null.cc
c:\Users\mediaexplorer\source\repos\Bochs\iodev\network\eth_null.cc(114,11): warning C4996: 'fopen': This function or variable may be unsafe. Consider using fopen_s instead. To disable deprecation, use _CRT_SECURE_NO_WARNINGS. See online help for details.
c:\Users\mediaexplorer\source\repos\Bochs\iodev\network\eth_null.cc(116,15): warning C4996: 'fopen': This function or variable may be unsafe. Consider using fopen_s instead. To disable deprecation, use _CRT_SECURE_NO_WARNINGS. See online help for details.
  eth_slirp.cc
c:\Users\mediaexplorer\source\repos\Bochs\iodev\network\eth_slirp.cc(156,8): warning C4996: 'fopen': This function or variable may be unsafe. Consider using fopen_s instead. To disable deprecation, use _CRT_SECURE_NO_WARNINGS. See online help for details.
c:\Users\mediaexplorer\source\repos\Bochs\iodev\network\eth_slirp.cc(176,17): warning C4996: 'strtok': This function or variable may be unsafe. Consider using strtok_s instead. To disable deprecation, use _CRT_SECURE_NO_WARNINGS. See online help for details.
c:\Users\mediaexplorer\source\repos\Bochs\iodev\network\eth_slirp.cc(179,17): warning C4996: 'strtok': This function or variable may be unsafe. Consider using strtok_s instead. To disable deprecation, use _CRT_SECURE_NO_WARNINGS. See online help for details.
c:\Users\mediaexplorer\source\repos\Bochs\iodev\network\eth_slirp.cc(194,13): warning C4996: 'strcpy': This function or variable may be unsafe. Consider using strcpy_s instead. To disable deprecation, use _CRT_SECURE_NO_WARNINGS. See online help for details.
c:\Users\mediaexplorer\source\repos\Bochs\iodev\network\eth_slirp.cc(201,13): warning C4996: 'strcpy': This function or variable may be unsafe. Consider using strcpy_s instead. To disable deprecation, use _CRT_SECURE_NO_WARNINGS. See online help for details.
c:\Users\mediaexplorer\source\repos\Bochs\iodev\network\eth_slirp.cc(213,19): warning C4996: 'strtok': This function or variable may be unsafe. Consider using strtok_s instead. To disable deprecation, use _CRT_SECURE_NO_WARNINGS. See online help for details.
c:\Users\mediaexplorer\source\repos\Bochs\iodev\network\eth_slirp.cc(217,15): warning C4996: 'strcpy': This function or variable may be unsafe. Consider using strcpy_s instead. To disable deprecation, use _CRT_SECURE_NO_WARNINGS. See online help for details.
c:\Users\mediaexplorer\source\repos\Bochs\iodev\network\eth_slirp.cc(219,21): warning C4996: 'strtok': This function or variable may be unsafe. Consider using strtok_s instead. To disable deprecation, use _CRT_SECURE_NO_WARNINGS. See online help for details.
c:\Users\mediaexplorer\source\repos\Bochs\iodev\network\eth_slirp.cc(262,15): warning C4996: 'strcpy': This function or variable may be unsafe. Consider using strcpy_s instead. To disable deprecation, use _CRT_SECURE_NO_WARNINGS. See online help for details.
c:\Users\mediaexplorer\source\repos\Bochs\iodev\network\eth_slirp.cc(273,13): warning C4996: 'strcpy': This function or variable may be unsafe. Consider using strcpy_s instead. To disable deprecation, use _CRT_SECURE_NO_WARNINGS. See online help for details.
c:\Users\mediaexplorer\source\repos\Bochs\iodev\network\eth_slirp.cc(342,3): warning C4996: 'sprintf': This function or variable may be unsafe. Consider using sprintf_s instead. To disable deprecation, use _CRT_SECURE_NO_WARNINGS. See online help for details.
c:\Users\mediaexplorer\source\repos\Bochs\iodev\network\eth_slirp.cc(360,18): warning C4996: 'fopen': This function or variable may be unsafe. Consider using fopen_s instead. To disable deprecation, use _CRT_SECURE_NO_WARNINGS. See online help for details.
  eth_socket.cc
c:\Users\mediaexplorer\source\repos\Bochs\iodev\network\eth_socket.cc(199,20): warning C4996: 'strtok': This function or variable may be unsafe. Consider using strtok_s instead. To disable deprecation, use _CRT_SECURE_NO_WARNINGS. See online help for details.
c:\Users\mediaexplorer\source\repos\Bochs\iodev\network\eth_socket.cc(200,14): warning C4996: 'strtok': This function or variable may be unsafe. Consider using strtok_s instead. To disable deprecation, use _CRT_SECURE_NO_WARNINGS. See online help for details.
c:\Users\mediaexplorer\source\repos\Bochs\iodev\network\eth_socket.cc(206,10): warning C4996: 'gethostbyname': Use getaddrinfo() or GetAddrInfoW() instead or define _WINSOCK_DEPRECATED_NO_WARNINGS to disable deprecated API warnings
c:\Users\mediaexplorer\source\repos\Bochs\iodev\network\eth_socket.cc(220,10): warning C4996: 'gethostbyname': Use getaddrinfo() or GetAddrInfoW() instead or define _WINSOCK_DEPRECATED_NO_WARNINGS to disable deprecated API warnings
c:\Users\mediaexplorer\source\repos\Bochs\iodev\network\eth_socket.cc(250,5): warning C4996: 'strerror': This function or variable may be unsafe. Consider using strerror_s instead. To disable deprecation, use _CRT_SECURE_NO_WARNINGS. See online help for details.
c:\Users\mediaexplorer\source\repos\Bochs\iodev\network\eth_socket.cc(307,7): warning C4996: 'strerror': This function or variable may be unsafe. Consider using strerror_s instead. To disable deprecation, use _CRT_SECURE_NO_WARNINGS. See online help for details.
  eth_vnet.cc
c:\Users\mediaexplorer\source\repos\Bochs\iodev\network\eth_vnet.cc(136,7): warning C4996: 'sscanf': This function or variable may be unsafe. Consider using sscanf_s instead. To disable deprecation, use _CRT_SECURE_NO_WARNINGS. See online help for details.
c:\Users\mediaexplorer\source\repos\Bochs\iodev\network\eth_vnet.cc(157,8): warning C4996: 'fopen': This function or variable may be unsafe. Consider using fopen_s instead. To disable deprecation, use _CRT_SECURE_NO_WARNINGS. See online help for details.
c:\Users\mediaexplorer\source\repos\Bochs\iodev\network\eth_vnet.cc(177,17): warning C4996: 'strtok': This function or variable may be unsafe. Consider using strtok_s instead. To disable deprecation, use _CRT_SECURE_NO_WARNINGS. See online help for details.
c:\Users\mediaexplorer\source\repos\Bochs\iodev\network\eth_vnet.cc(180,17): warning C4996: 'strtok': This function or variable may be unsafe. Consider using strtok_s instead. To disable deprecation, use _CRT_SECURE_NO_WARNINGS. See online help for details.
c:\Users\mediaexplorer\source\repos\Bochs\iodev\network\eth_vnet.cc(193,13): warning C4996: 'strcpy': This function or variable may be unsafe. Consider using strcpy_s instead. To disable deprecation, use _CRT_SECURE_NO_WARNINGS. See online help for details.
c:\Users\mediaexplorer\source\repos\Bochs\iodev\network\eth_vnet.cc(199,13): warning C4996: 'strcpy': This function or variable may be unsafe. Consider using strcpy_s instead. To disable deprecation, use _CRT_SECURE_NO_WARNINGS. See online help for details.
c:\Users\mediaexplorer\source\repos\Bochs\iodev\network\eth_vnet.cc(250,13): warning C4996: 'strcpy': This function or variable may be unsafe. Consider using strcpy_s instead. To disable deprecation, use _CRT_SECURE_NO_WARNINGS. See online help for details.
c:\Users\mediaexplorer\source\repos\Bochs\iodev\network\eth_vnet.cc(286,3): warning C4996: 'strcpy': This function or variable may be unsafe. Consider using strcpy_s instead. To disable deprecation, use _CRT_SECURE_NO_WARNINGS. See online help for details.
c:\Users\mediaexplorer\source\repos\Bochs\iodev\network\eth_vnet.cc(308,18): warning C4996: 'fopen': This function or variable may be unsafe. Consider using fopen_s instead. To disable deprecation, use _CRT_SECURE_NO_WARNINGS. See online help for details.
  eth_win32.cc
c:\Users\mediaexplorer\source\repos\Bochs\iodev\network\eth_win32.cc(303,3): warning C4996: 'strcpy': This function or variable may be unsafe. Consider using strcpy_s instead. To disable deprecation, use _CRT_SECURE_NO_WARNINGS. See online help for details.
  ne2k.cc
c:\Users\mediaexplorer\source\repos\Bochs\iodev\network\ne2k.cc(65,5): warning C4996: 'sprintf': This function or variable may be unsafe. Consider using sprintf_s instead. To disable deprecation, use _CRT_SECURE_NO_WARNINGS. See online help for details.
c:\Users\mediaexplorer\source\repos\Bochs\iodev\network\ne2k.cc(66,5): warning C4996: 'sprintf': This function or variable may be unsafe. Consider using sprintf_s instead. To disable deprecation, use _CRT_SECURE_NO_WARNINGS. See online help for details.
c:\Users\mediaexplorer\source\repos\Bochs\iodev\network\ne2k.cc(124,5): warning C4996: 'sprintf': This function or variable may be unsafe. Consider using sprintf_s instead. To disable deprecation, use _CRT_SECURE_NO_WARNINGS. See online help for details.
c:\Users\mediaexplorer\source\repos\Bochs\iodev\network\ne2k.cc(187,5): warning C4996: 'sprintf': This function or variable may be unsafe. Consider using sprintf_s instead. To disable deprecation, use _CRT_SECURE_NO_WARNINGS. See online help for details.
c:\Users\mediaexplorer\source\repos\Bochs\iodev\network\ne2k.cc(188,5): warning C4996: 'sprintf': This function or variable may be unsafe. Consider using sprintf_s instead. To disable deprecation, use _CRT_SECURE_NO_WARNINGS. See online help for details.
c:\Users\mediaexplorer\source\repos\Bochs\iodev\network\ne2k.cc(211,7): warning C4996: 'sprintf': This function or variable may be unsafe. Consider using sprintf_s instead. To disable deprecation, use _CRT_SECURE_NO_WARNINGS. See online help for details.
c:\Users\mediaexplorer\source\repos\Bochs\iodev\network\ne2k.cc(248,5): warning C4996: 'sprintf': This function or variable may be unsafe. Consider using sprintf_s instead. To disable deprecation, use _CRT_SECURE_NO_WARNINGS. See online help for details.
c:\Users\mediaexplorer\source\repos\Bochs\iodev\network\ne2k.cc(326,3): warning C4996: 'sprintf': This function or variable may be unsafe. Consider using sprintf_s instead. To disable deprecation, use _CRT_SECURE_NO_WARNINGS. See online help for details.
c:\Users\mediaexplorer\source\repos\Bochs\iodev\network\ne2k.cc(329,3): warning C4996: 'sprintf': This function or variable may be unsafe. Consider using sprintf_s instead. To disable deprecation, use _CRT_SECURE_NO_WARNINGS. See online help for details.
c:\Users\mediaexplorer\source\repos\Bochs\iodev\network\ne2k.cc(331,3): warning C4996: 'sprintf': This function or variable may be unsafe. Consider using sprintf_s instead. To disable deprecation, use _CRT_SECURE_NO_WARNINGS. See online help for details.
c:\Users\mediaexplorer\source\repos\Bochs\iodev\network\ne2k.cc(336,5): warning C4996: 'sprintf': This function or variable may be unsafe. Consider using sprintf_s instead. To disable deprecation, use _CRT_SECURE_NO_WARNINGS. See online help for details.
c:\Users\mediaexplorer\source\repos\Bochs\iodev\network\ne2k.cc(491,3): warning C4996: 'sprintf': This function or variable may be unsafe. Consider using sprintf_s instead. To disable deprecation, use _CRT_SECURE_NO_WARNINGS. See online help for details.
  netmod.cc
c:\Users\mediaexplorer\source\repos\Bochs\iodev\network\netmod.cc(88,5): warning C4996: 'strcat': This function or variable may be unsafe. Consider using strcat_s instead. To disable deprecation, use _CRT_SECURE_NO_WARNINGS. See online help for details.
c:\Users\mediaexplorer\source\repos\Bochs\iodev\network\netmod.cc(89,5): warning C4996: 'strcat': This function or variable may be unsafe. Consider using strcat_s instead. To disable deprecation, use _CRT_SECURE_NO_WARNINGS. See online help for details.
c:\Users\mediaexplorer\source\repos\Bochs\iodev\network\netmod.cc(295,3): warning C4996: 'strcpy': This function or variable may be unsafe. Consider using strcpy_s instead. To disable deprecation, use _CRT_SECURE_NO_WARNINGS. See online help for details.
c:\Users\mediaexplorer\source\repos\Bochs\iodev\network\netmod.cc(297,16): warning C4996: 'strcpy': This function or variable may be unsafe. Consider using strcpy_s instead. To disable deprecation, use _CRT_SECURE_NO_WARNINGS. See online help for details.
  netutil.cc
c:\Users\mediaexplorer\source\repos\Bochs\iodev\network\netutil.cc(248,7): warning C4996: 'strcpy': This function or variable may be unsafe. Consider using strcpy_s instead. To disable deprecation, use _CRT_SECURE_NO_WARNINGS. See online help for details.
c:\Users\mediaexplorer\source\repos\Bochs\iodev\network\netutil.cc(954,3): warning C4996: 'strcpy': This function or variable may be unsafe. Consider using strcpy_s instead. To disable deprecation, use _CRT_SECURE_NO_WARNINGS. See online help for details.
c:\Users\mediaexplorer\source\repos\Bochs\iodev\network\netutil.cc(1130,16): warning C4996: 'strtok': This function or variable may be unsafe. Consider using strtok_s instead. To disable deprecation, use _CRT_SECURE_NO_WARNINGS. See online help for details.
c:\Users\mediaexplorer\source\repos\Bochs\iodev\network\netutil.cc(1131,13): warning C4996: 'strtok': This function or variable may be unsafe. Consider using strtok_s instead. To disable deprecation, use _CRT_SECURE_NO_WARNINGS. See online help for details.
c:\Users\mediaexplorer\source\repos\Bochs\iodev\network\netutil.cc(1139,13): warning C4996: 'sprintf': This function or variable may be unsafe. Consider using sprintf_s instead. To disable deprecation, use _CRT_SECURE_NO_WARNINGS. See online help for details.
c:\Users\mediaexplorer\source\repos\Bochs\iodev\network\netutil.cc(1193,15): warning C4996: 'strcpy': This function or variable may be unsafe. Consider using strcpy_s instead. To disable deprecation, use _CRT_SECURE_NO_WARNINGS. See online help for details.
c:\Users\mediaexplorer\source\repos\Bochs\iodev\network\netutil.cc(1207,13): warning C4996: 'sprintf': This function or variable may be unsafe. Consider using sprintf_s instead. To disable deprecation, use _CRT_SECURE_NO_WARNINGS. See online help for details.
c:\Users\mediaexplorer\source\repos\Bochs\iodev\network\netutil.cc(1215,23): warning C4996: 'strtok': This function or variable may be unsafe. Consider using strtok_s instead. To disable deprecation, use _CRT_SECURE_NO_WARNINGS. See online help for details.
c:\Users\mediaexplorer\source\repos\Bochs\iodev\network\netutil.cc(1222,17): warning C4996: 'strcpy': This function or variable may be unsafe. Consider using strcpy_s instead. To disable deprecation, use _CRT_SECURE_NO_WARNINGS. See online help for details.
c:\Users\mediaexplorer\source\repos\Bochs\iodev\network\netutil.cc(1247,13): warning C4996: 'sprintf': This function or variable may be unsafe. Consider using sprintf_s instead. To disable deprecation, use _CRT_SECURE_NO_WARNINGS. See online help for details.
c:\Users\mediaexplorer\source\repos\Bochs\iodev\network\netutil.cc(1258,15): warning C4996: 'sprintf': This function or variable may be unsafe. Consider using sprintf_s instead. To disable deprecation, use _CRT_SECURE_NO_WARNINGS. See online help for details.
c:\Users\mediaexplorer\source\repos\Bochs\iodev\network\netutil.cc(1263,15): warning C4996: 'sprintf': This function or variable may be unsafe. Consider using sprintf_s instead. To disable deprecation, use _CRT_SECURE_NO_WARNINGS. See online help for details.
c:\Users\mediaexplorer\source\repos\Bochs\iodev\network\netutil.cc(1270,13): warning C4996: 'sprintf': This function or variable may be unsafe. Consider using sprintf_s instead. To disable deprecation, use _CRT_SECURE_NO_WARNINGS. See online help for details.
c:\Users\mediaexplorer\source\repos\Bochs\iodev\network\netutil.cc(1300,15): warning C4996: 'strcpy': This function or variable may be unsafe. Consider using strcpy_s instead. To disable deprecation, use _CRT_SECURE_NO_WARNINGS. See online help for details.
c:\Users\mediaexplorer\source\repos\Bochs\iodev\network\netutil.cc(1336,15): warning C4996: 'sprintf': This function or variable may be unsafe. Consider using sprintf_s instead. To disable deprecation, use _CRT_SECURE_NO_WARNINGS. See online help for details.
c:\Users\mediaexplorer\source\repos\Bochs\iodev\network\netutil.cc(1339,15): warning C4996: 'sprintf': This function or variable may be unsafe. Consider using sprintf_s instead. To disable deprecation, use _CRT_SECURE_NO_WARNINGS. See online help for details.
c:\Users\mediaexplorer\source\repos\Bochs\iodev\network\netutil.cc(1345,13): warning C4996: 'sprintf': This function or variable may be unsafe. Consider using sprintf_s instead. To disable deprecation, use _CRT_SECURE_NO_WARNINGS. See online help for details.
c:\Users\mediaexplorer\source\repos\Bochs\iodev\network\netutil.cc(1349,13): warning C4996: 'sprintf': This function or variable may be unsafe. Consider using sprintf_s instead. To disable deprecation, use _CRT_SECURE_NO_WARNINGS. See online help for details.
c:\Users\mediaexplorer\source\repos\Bochs\iodev\network\netutil.cc(1353,13): warning C4996: 'sprintf': This function or variable may be unsafe. Consider using sprintf_s instead. To disable deprecation, use _CRT_SECURE_NO_WARNINGS. See online help for details.
c:\Users\mediaexplorer\source\repos\Bochs\iodev\network\netutil.cc(1377,11): warning C4996: 'sprintf': This function or variable may be unsafe. Consider using sprintf_s instead. To disable deprecation, use _CRT_SECURE_NO_WARNINGS. See online help for details.
c:\Users\mediaexplorer\source\repos\Bochs\iodev\network\netutil.cc(1420,7): warning C4996: 'sprintf': This function or variable may be unsafe. Consider using sprintf_s instead. To disable deprecation, use _CRT_SECURE_NO_WARNINGS. See online help for details.
c:\Users\mediaexplorer\source\repos\Bochs\iodev\network\netutil.cc(1422,7): warning C4996: 'sprintf': This function or variable may be unsafe. Consider using sprintf_s instead. To disable deprecation, use _CRT_SECURE_NO_WARNINGS. See online help for details.
c:\Users\mediaexplorer\source\repos\Bochs\iodev\network\netutil.cc(1486,7): warning C4996: 'sprintf': This function or variable may be unsafe. Consider using sprintf_s instead. To disable deprecation, use _CRT_SECURE_NO_WARNINGS. See online help for details.
c:\Users\mediaexplorer\source\repos\Bochs\iodev\network\netutil.cc(1488,7): warning C4996: 'sprintf': This function or variable may be unsafe. Consider using sprintf_s instead. To disable deprecation, use _CRT_SECURE_NO_WARNINGS. See online help for details.
c:\Users\mediaexplorer\source\repos\Bochs\iodev\network\netutil.cc(1491,5): warning C4996: 'strcpy': This function or variable may be unsafe. Consider using strcpy_s instead. To disable deprecation, use _CRT_SECURE_NO_WARNINGS. See online help for details.
c:\Users\mediaexplorer\source\repos\Bochs\iodev\network\netutil.cc(1494,5): warning C4996: 'strcpy': This function or variable may be unsafe. Consider using strcpy_s instead. To disable deprecation, use _CRT_SECURE_NO_WARNINGS. See online help for details.
c:\Users\mediaexplorer\source\repos\Bochs\iodev\network\netutil.cc(1496,5): warning C4996: 'sprintf': This function or variable may be unsafe. Consider using sprintf_s instead. To disable deprecation, use _CRT_SECURE_NO_WARNINGS. See online help for details.
c:\Users\mediaexplorer\source\repos\Bochs\iodev\network\netutil.cc(1517,7): warning C4996: 'strcpy': This function or variable may be unsafe. Consider using strcpy_s instead. To disable deprecation, use _CRT_SECURE_NO_WARNINGS. See online help for details.
c:\Users\mediaexplorer\source\repos\Bochs\iodev\network\netutil.cc(1519,7): warning C4996: 'strcpy': This function or variable may be unsafe. Consider using strcpy_s instead. To disable deprecation, use _CRT_SECURE_NO_WARNINGS. See online help for details.
c:\Users\mediaexplorer\source\repos\Bochs\iodev\network\netutil.cc(1523,7): warning C4996: 'strcpy': This function or variable may be unsafe. Consider using strcpy_s instead. To disable deprecation, use _CRT_SECURE_NO_WARNINGS. See online help for details.
c:\Users\mediaexplorer\source\repos\Bochs\iodev\network\netutil.cc(1537,5): warning C4996: 'sprintf': This function or variable may be unsafe. Consider using sprintf_s instead. To disable deprecation, use _CRT_SECURE_NO_WARNINGS. See online help for details.
c:\Users\mediaexplorer\source\repos\Bochs\iodev\network\netutil.cc(1549,3): warning C4996: 'sprintf': This function or variable may be unsafe. Consider using sprintf_s instead. To disable deprecation, use _CRT_SECURE_NO_WARNINGS. See online help for details.
c:\Users\mediaexplorer\source\repos\Bochs\iodev\network\netutil.cc(1550,3): warning C4996: 'sprintf': This function or variable may be unsafe. Consider using sprintf_s instead. To disable deprecation, use _CRT_SECURE_NO_WARNINGS. See online help for details.
c:\Users\mediaexplorer\source\repos\Bochs\iodev\network\netutil.cc(1552,3): warning C4996: 'strcat': This function or variable may be unsafe. Consider using strcat_s instead. To disable deprecation, use _CRT_SECURE_NO_WARNINGS. See online help for details.
c:\Users\mediaexplorer\source\repos\Bochs\iodev\network\netutil.cc(1554,5): warning C4996: 'sprintf': This function or variable may be unsafe. Consider using sprintf_s instead. To disable deprecation, use _CRT_SECURE_NO_WARNINGS. See online help for details.
c:\Users\mediaexplorer\source\repos\Bochs\iodev\network\netutil.cc(1556,5): warning C4996: 'sprintf': This function or variable may be unsafe. Consider using sprintf_s instead. To disable deprecation, use _CRT_SECURE_NO_WARNINGS. See online help for details.
c:\Users\mediaexplorer\source\repos\Bochs\iodev\network\netutil.cc(1558,3): warning C4996: 'strcat': This function or variable may be unsafe. Consider using strcat_s instead. To disable deprecation, use _CRT_SECURE_NO_WARNINGS. See online help for details.
c:\Users\mediaexplorer\source\repos\Bochs\iodev\network\netutil.cc(1559,3): warning C4996: 'sprintf': This function or variable may be unsafe. Consider using sprintf_s instead. To disable deprecation, use _CRT_SECURE_NO_WARNINGS. See online help for details.
c:\Users\mediaexplorer\source\repos\Bochs\iodev\network\netutil.cc(1560,3): warning C4996: 'strcat': This function or variable may be unsafe. Consider using strcat_s instead. To disable deprecation, use _CRT_SECURE_NO_WARNINGS. See online help for details.
c:\Users\mediaexplorer\source\repos\Bochs\iodev\network\netutil.cc(1561,3): warning C4996: 'sprintf': This function or variable may be unsafe. Consider using sprintf_s instead. To disable deprecation, use _CRT_SECURE_NO_WARNINGS. See online help for details.
c:\Users\mediaexplorer\source\repos\Bochs\iodev\network\netutil.cc(1562,3): warning C4996: 'strcat': This function or variable may be unsafe. Consider using strcat_s instead. To disable deprecation, use _CRT_SECURE_NO_WARNINGS. See online help for details.
c:\Users\mediaexplorer\source\repos\Bochs\iodev\network\netutil.cc(1563,3): warning C4996: 'sprintf': This function or variable may be unsafe. Consider using sprintf_s instead. To disable deprecation, use _CRT_SECURE_NO_WARNINGS. See online help for details.
c:\Users\mediaexplorer\source\repos\Bochs\iodev\network\netutil.cc(1564,3): warning C4996: 'strcat': This function or variable may be unsafe. Consider using strcat_s instead. To disable deprecation, use _CRT_SECURE_NO_WARNINGS. See online help for details.
c:\Users\mediaexplorer\source\repos\Bochs\iodev\network\netutil.cc(1572,22): warning C4996: '_open': This function or variable may be unsafe. Consider using _sopen_s instead. To disable deprecation, use _CRT_SECURE_NO_WARNINGS. See online help for details.
c:\Users\mediaexplorer\source\repos\Bochs\iodev\network\netutil.cc(1637,3): warning C4996: 'sprintf': This function or variable may be unsafe. Consider using sprintf_s instead. To disable deprecation, use _CRT_SECURE_NO_WARNINGS. See online help for details.
c:\Users\mediaexplorer\source\repos\Bochs\iodev\network\netutil.cc(1641,5): warning C4996: 'strcpy': This function or variable may be unsafe. Consider using strcpy_s instead. To disable deprecation, use _CRT_SECURE_NO_WARNINGS. See online help for details.
c:\Users\mediaexplorer\source\repos\Bochs\iodev\network\netutil.cc(1643,5): warning C4996: 'sprintf': This function or variable may be unsafe. Consider using sprintf_s instead. To disable deprecation, use _CRT_SECURE_NO_WARNINGS. See online help for details.
c:\Users\mediaexplorer\source\repos\Bochs\iodev\network\netutil.cc(1645,3): warning C4996: 'strcpy': This function or variable may be unsafe. Consider using strcpy_s instead. To disable deprecation, use _CRT_SECURE_NO_WARNINGS. See online help for details.
c:\Users\mediaexplorer\source\repos\Bochs\iodev\network\netutil.cc(1649,3): warning C4996: '_mktemp': This function or variable may be unsafe. Consider using _mktemp_s instead. To disable deprecation, use _CRT_SECURE_NO_WARNINGS. See online help for details.
c:\Users\mediaexplorer\source\repos\Bochs\iodev\network\netutil.cc(1650,8): warning C4996: '_open': This function or variable may be unsafe. Consider using _sopen_s instead. To disable deprecation, use _CRT_SECURE_NO_WARNINGS. See online help for details.
c:\Users\mediaexplorer\source\repos\Bochs\iodev\network\netutil.cc(1701,5): warning C4996: 'sprintf': This function or variable may be unsafe. Consider using sprintf_s instead. To disable deprecation, use _CRT_SECURE_NO_WARNINGS. See online help for details.
c:\Users\mediaexplorer\source\repos\Bochs\iodev\network\netutil.cc(1715,15): warning C4996: 'sprintf': This function or variable may be unsafe. Consider using sprintf_s instead. To disable deprecation, use _CRT_SECURE_NO_WARNINGS. See online help for details.
c:\Users\mediaexplorer\source\repos\Bochs\iodev\network\netutil.cc(1718,15): warning C4996: 'sprintf': This function or variable may be unsafe. Consider using sprintf_s instead. To disable deprecation, use _CRT_SECURE_NO_WARNINGS. See online help for details.
c:\Users\mediaexplorer\source\repos\Bochs\iodev\network\netutil.cc(1722,15): warning C4996: 'sprintf': This function or variable may be unsafe. Consider using sprintf_s instead. To disable deprecation, use _CRT_SECURE_NO_WARNINGS. See online help for details.
c:\Users\mediaexplorer\source\repos\Bochs\iodev\network\netutil.cc(1725,15): warning C4996: 'sprintf': This function or variable may be unsafe. Consider using sprintf_s instead. To disable deprecation, use _CRT_SECURE_NO_WARNINGS. See online help for details.
c:\Users\mediaexplorer\source\repos\Bochs\iodev\network\netutil.cc(1729,13): warning C4996: 'sprintf': This function or variable may be unsafe. Consider using sprintf_s instead. To disable deprecation, use _CRT_SECURE_NO_WARNINGS. See online help for details.
c:\Users\mediaexplorer\source\repos\Bochs\iodev\network\netutil.cc(1757,7): warning C4996: 'sprintf': This function or variable may be unsafe. Consider using sprintf_s instead. To disable deprecation, use _CRT_SECURE_NO_WARNINGS. See online help for details.
c:\Users\mediaexplorer\source\repos\Bochs\iodev\network\netutil.cc(1759,5): warning C4996: 'strcpy': This function or variable may be unsafe. Consider using strcpy_s instead. To disable deprecation, use _CRT_SECURE_NO_WARNINGS. See online help for details.
c:\Users\mediaexplorer\source\repos\Bochs\iodev\network\netutil.cc(1763,5): warning C4996: 'strcpy': This function or variable may be unsafe. Consider using strcpy_s instead. To disable deprecation, use _CRT_SECURE_NO_WARNINGS. See online help for details.
c:\Users\mediaexplorer\source\repos\Bochs\iodev\network\netutil.cc(1765,8): warning C4996: '_open': This function or variable may be unsafe. Consider using _sopen_s instead. To disable deprecation, use _CRT_SECURE_NO_WARNINGS. See online help for details.
c:\Users\mediaexplorer\source\repos\Bochs\iodev\network\netutil.cc(1771,5): warning C4996: 'sprintf': This function or variable may be unsafe. Consider using sprintf_s instead. To disable deprecation, use _CRT_SECURE_NO_WARNINGS. See online help for details.
c:\Users\mediaexplorer\source\repos\Bochs\iodev\network\netutil.cc(1788,5): warning C4996: 'sprintf': This function or variable may be unsafe. Consider using sprintf_s instead. To disable deprecation, use _CRT_SECURE_NO_WARNINGS. See online help for details.
c:\Users\mediaexplorer\source\repos\Bochs\iodev\network\netutil.cc(1802,5): warning C4996: 'sprintf': This function or variable may be unsafe. Consider using sprintf_s instead. To disable deprecation, use _CRT_SECURE_NO_WARNINGS. See online help for details.
c:\Users\mediaexplorer\source\repos\Bochs\iodev\network\netutil.cc(2245,5): warning C4996: 'sprintf': This function or variable may be unsafe. Consider using sprintf_s instead. To disable deprecation, use _CRT_SECURE_NO_WARNINGS. See online help for details.
c:\Users\mediaexplorer\source\repos\Bochs\iodev\network\netutil.cc(2318,3): warning C4996: 'strcpy': This function or variable may be unsafe. Consider using strcpy_s instead. To disable deprecation, use _CRT_SECURE_NO_WARNINGS. See online help for details.
c:\Users\mediaexplorer\source\repos\Bochs\iodev\network\netutil.cc(2330,14): warning C4996: 'fopen': This function or variable may be unsafe. Consider using fopen_s instead. To disable deprecation, use _CRT_SECURE_NO_WARNINGS. See online help for details.
c:\Users\mediaexplorer\source\repos\Bochs\iodev\network\netutil.cc(2332,5): warning C4996: 'sprintf': This function or variable may be unsafe. Consider using sprintf_s instead. To disable deprecation, use _CRT_SECURE_NO_WARNINGS. See online help for details.
c:\Users\mediaexplorer\source\repos\Bochs\iodev\network\netutil.cc(2372,5): warning C4996: 'sprintf': This function or variable may be unsafe. Consider using sprintf_s instead. To disable deprecation, use _CRT_SECURE_NO_WARNINGS. See online help for details.
c:\Users\mediaexplorer\source\repos\Bochs\iodev\network\netutil.cc(2377,5): warning C4996: 'sprintf': This function or variable may be unsafe. Consider using sprintf_s instead. To disable deprecation, use _CRT_SECURE_NO_WARNINGS. See online help for details.
c:\Users\mediaexplorer\source\repos\Bochs\iodev\network\netutil.cc(2382,5): warning C4996: 'sprintf': This function or variable may be unsafe. Consider using sprintf_s instead. To disable deprecation, use _CRT_SECURE_NO_WARNINGS. See online help for details.
c:\Users\mediaexplorer\source\repos\Bochs\iodev\network\netutil.cc(2457,9): warning C4996: 'strncpy': This function or variable may be unsafe. Consider using strncpy_s instead. To disable deprecation, use _CRT_SECURE_NO_WARNINGS. See online help for details.
c:\Users\mediaexplorer\source\repos\Bochs\iodev\network\netutil.cc(2464,14): warning C4996: 'fopen': This function or variable may be unsafe. Consider using fopen_s instead. To disable deprecation, use _CRT_SECURE_NO_WARNINGS. See online help for details.
c:\Users\mediaexplorer\source\repos\Bochs\iodev\network\netutil.cc(2466,11): warning C4996: 'sprintf': This function or variable may be unsafe. Consider using sprintf_s instead. To disable deprecation, use _CRT_SECURE_NO_WARNINGS. See online help for details.
c:\Users\mediaexplorer\source\repos\Bochs\iodev\network\netutil.cc(2501,9): warning C4996: 'strncpy': This function or variable may be unsafe. Consider using strncpy_s instead. To disable deprecation, use _CRT_SECURE_NO_WARNINGS. See online help for details.
c:\Users\mediaexplorer\source\repos\Bochs\iodev\network\netutil.cc(2517,14): warning C4996: 'fopen': This function or variable may be unsafe. Consider using fopen_s instead. To disable deprecation, use _CRT_SECURE_NO_WARNINGS. See online help for details.
c:\Users\mediaexplorer\source\repos\Bochs\iodev\network\netutil.cc(2522,14): warning C4996: 'fopen': This function or variable may be unsafe. Consider using fopen_s instead. To disable deprecation, use _CRT_SECURE_NO_WARNINGS. See online help for details.
c:\Users\mediaexplorer\source\repos\Bochs\iodev\network\netutil.cc(2541,11): warning C4996: 'strncpy': This function or variable may be unsafe. Consider using strncpy_s instead. To disable deprecation, use _CRT_SECURE_NO_WARNINGS. See online help for details.
c:\Users\mediaexplorer\source\repos\Bochs\iodev\network\netutil.cc(2545,18): warning C4996: 'fopen': This function or variable may be unsafe. Consider using fopen_s instead. To disable deprecation, use _CRT_SECURE_NO_WARNINGS. See online help for details.
c:\Users\mediaexplorer\source\repos\Bochs\iodev\network\netutil.cc(2638,9): warning C4996: 'sscanf': This function or variable may be unsafe. Consider using sscanf_s instead. To disable deprecation, use _CRT_SECURE_NO_WARNINGS. See online help for details.
c:\Users\mediaexplorer\source\repos\Bochs\iodev\network\netutil.cc(2645,9): warning C4996: 'strcpy': This function or variable may be unsafe. Consider using strcpy_s instead. To disable deprecation, use _CRT_SECURE_NO_WARNINGS. See online help for details.
c:\Users\mediaexplorer\source\repos\Bochs\iodev\network\netutil.cc(2648,9): warning C4996: 'strcpy': This function or variable may be unsafe. Consider using strcpy_s instead. To disable deprecation, use _CRT_SECURE_NO_WARNINGS. See online help for details.
c:\Users\mediaexplorer\source\repos\Bochs\iodev\network\netutil.cc(2651,9): warning C4996: 'strcpy': This function or variable may be unsafe. Consider using strcpy_s instead. To disable deprecation, use _CRT_SECURE_NO_WARNINGS. See online help for details.
c:\Users\mediaexplorer\source\repos\Bochs\iodev\network\netutil.cc(2657,15): warning C4996: 'strcpy': This function or variable may be unsafe. Consider using strcpy_s instead. To disable deprecation, use _CRT_SECURE_NO_WARNINGS. See online help for details.
  pcipnic.cc
  arp_table.cc
  bootp.cc
c:\Users\mediaexplorer\source\repos\Bochs\iodev\network\slirp\bootp.cc(179,25): warning C4996: 'sprintf': This function or variable may be unsafe. Consider using sprintf_s instead. To disable deprecation, use _CRT_SECURE_NO_WARNINGS. See online help for details.
c:\Users\mediaexplorer\source\repos\Bochs\iodev\network\slirp\bootp.cc(185,17): warning C4996: 'sprintf': This function or variable may be unsafe. Consider using sprintf_s instead. To disable deprecation, use _CRT_SECURE_NO_WARNINGS. See online help for details.
c:\Users\mediaexplorer\source\repos\Bochs\iodev\network\slirp\bootp.cc(310,13): warning C4996: '_snprintf': This function or variable may be unsafe. Consider using _snprintf_s instead. To disable deprecation, use _CRT_SECURE_NO_WARNINGS. See online help for details.
c:\Users\mediaexplorer\source\repos\Bochs\iodev\network\slirp\bootp.cc(313,9): warning C4996: 'strcpy': This function or variable may be unsafe. Consider using strcpy_s instead. To disable deprecation, use _CRT_SECURE_NO_WARNINGS. See online help for details.
c:\Users\mediaexplorer\source\repos\Bochs\iodev\network\slirp\bootp.cc(403,21): warning C4996: 'sprintf': This function or variable may be unsafe. Consider using sprintf_s instead. To disable deprecation, use _CRT_SECURE_NO_WARNINGS. See online help for details.
  cksum.cc
  compat.cc
c:\Users\mediaexplorer\source\repos\Bochs\iodev\network\slirp\compat.cc(345,9): warning C4996: 'sprintf': This function or variable may be unsafe. Consider using sprintf_s instead. To disable deprecation, use _CRT_SECURE_NO_WARNINGS. See online help for details.
c:\Users\mediaexplorer\source\repos\Bochs\iodev\network\slirp\compat.cc(352,5): warning C4996: 'sprintf': This function or variable may be unsafe. Consider using sprintf_s instead. To disable deprecation, use _CRT_SECURE_NO_WARNINGS. See online help for details.
  dnssearch.cc
c:\Users\mediaexplorer\source\repos\Bochs\iodev\network\slirp\dnssearch.cc(161,5): warning C4996: 'sprintf': This function or variable may be unsafe. Consider using sprintf_s instead. To disable deprecation, use _CRT_SECURE_NO_WARNINGS. See online help for details.
  if.cc
  ip_icmp.cc
c:\Users\mediaexplorer\source\repos\Bochs\iodev\network\slirp\ip_icmp.cc(108,58): warning C4996: 'strerror': This function or variable may be unsafe. Consider using strerror_s instead. To disable deprecation, use _CRT_SECURE_NO_WARNINGS. See online help for details.
c:\Users\mediaexplorer\source\repos\Bochs\iodev\network\slirp\ip_icmp.cc(205,49): warning C4996: 'strerror': This function or variable may be unsafe. Consider using strerror_s instead. To disable deprecation, use _CRT_SECURE_NO_WARNINGS. See online help for details.
c:\Users\mediaexplorer\source\repos\Bochs\iodev\network\slirp\ip_icmp.cc(449,59): warning C4996: 'strerror': This function or variable may be unsafe. Consider using strerror_s instead. To disable deprecation, use _CRT_SECURE_NO_WARNINGS. See online help for details.
  ip_input.cc
  ip_output.cc
  mbuf.cc
  Generating Code...
  Compiling...
  misc.cc
  sbuf.cc
  slirp.cc
  socket.cc
c:\Users\mediaexplorer\source\repos\Bochs\iodev\network\slirp\socket.cc(466,48): warning C4996: 'strerror': This function or variable may be unsafe. Consider using strerror_s instead. To disable deprecation, use _CRT_SECURE_NO_WARNINGS. See online help for details.
c:\Users\mediaexplorer\source\repos\Bochs\iodev\network\slirp\socket.cc(514,48): warning C4996: 'strerror': This function or variable may be unsafe. Consider using strerror_s instead. To disable deprecation, use _CRT_SECURE_NO_WARNINGS. See online help for details.
  tcp_input.cc
c:\Users\mediaexplorer\source\repos\Bochs\iodev\network\slirp\tcp_input.cc(609,43): warning C4996: 'strerror': This function or variable may be unsafe. Consider using strerror_s instead. To disable deprecation, use _CRT_SECURE_NO_WARNINGS. See online help for details.
  tcp_output.cc
  tcp_subr.cc
c:\Users\mediaexplorer\source\repos\Bochs\iodev\network\slirp\tcp_subr.cc(594,9): warning C4996: 'sscanf': This function or variable may be unsafe. Consider using sscanf_s instead. To disable deprecation, use _CRT_SECURE_NO_WARNINGS. See online help for details.
c:\Users\mediaexplorer\source\repos\Bochs\iodev\network\slirp\tcp_subr.cc(612,49): warning C4996: '_snprintf': This function or variable may be unsafe. Consider using _snprintf_s instead. To disable deprecation, use _CRT_SECURE_NO_WARNINGS. See online help for details.
c:\Users\mediaexplorer\source\repos\Bochs\iodev\network\slirp\tcp_subr.cc(628,8): warning C4996: 'sscanf': This function or variable may be unsafe. Consider using sscanf_s instead. To disable deprecation, use _CRT_SECURE_NO_WARNINGS. See online help for details.
c:\Users\mediaexplorer\source\repos\Bochs\iodev\network\slirp\tcp_subr.cc(653,37): warning C4996: '_snprintf': This function or variable may be unsafe. Consider using _snprintf_s instead. To disable deprecation, use _CRT_SECURE_NO_WARNINGS. See online help for details.
c:\Users\mediaexplorer\source\repos\Bochs\iodev\network\slirp\tcp_subr.cc(661,8): warning C4996: 'sscanf': This function or variable may be unsafe. Consider using sscanf_s instead. To disable deprecation, use _CRT_SECURE_NO_WARNINGS. See online help for details.
c:\Users\mediaexplorer\source\repos\Bochs\iodev\network\slirp\tcp_subr.cc(686,16): warning C4996: '_snprintf': This function or variable may be unsafe. Consider using _snprintf_s instead. To disable deprecation, use _CRT_SECURE_NO_WARNINGS. See online help for details.
c:\Users\mediaexplorer\source\repos\Bochs\iodev\network\slirp\tcp_subr.cc(712,32): warning C4996: '_snprintf': This function or variable may be unsafe. Consider using _snprintf_s instead. To disable deprecation, use _CRT_SECURE_NO_WARNINGS. See online help for details.
c:\Users\mediaexplorer\source\repos\Bochs\iodev\network\slirp\tcp_subr.cc(725,7): warning C4996: 'sscanf': This function or variable may be unsafe. Consider using sscanf_s instead. To disable deprecation, use _CRT_SECURE_NO_WARNINGS. See online help for details.
c:\Users\mediaexplorer\source\repos\Bochs\iodev\network\slirp\tcp_subr.cc(732,37): warning C4996: '_snprintf': This function or variable may be unsafe. Consider using _snprintf_s instead. To disable deprecation, use _CRT_SECURE_NO_WARNINGS. See online help for details.
c:\Users\mediaexplorer\source\repos\Bochs\iodev\network\slirp\tcp_subr.cc(736,14): warning C4996: 'sscanf': This function or variable may be unsafe. Consider using sscanf_s instead. To disable deprecation, use _CRT_SECURE_NO_WARNINGS. See online help for details.
c:\Users\mediaexplorer\source\repos\Bochs\iodev\network\slirp\tcp_subr.cc(743,37): warning C4996: '_snprintf': This function or variable may be unsafe. Consider using _snprintf_s instead. To disable deprecation, use _CRT_SECURE_NO_WARNINGS. See online help for details.
c:\Users\mediaexplorer\source\repos\Bochs\iodev\network\slirp\tcp_subr.cc(747,14): warning C4996: 'sscanf': This function or variable may be unsafe. Consider using sscanf_s instead. To disable deprecation, use _CRT_SECURE_NO_WARNINGS. See online help for details.
c:\Users\mediaexplorer\source\repos\Bochs\iodev\network\slirp\tcp_subr.cc(754,37): warning C4996: '_snprintf': This function or variable may be unsafe. Consider using _snprintf_s instead. To disable deprecation, use _CRT_SECURE_NO_WARNINGS. See online help for details.
c:\Users\mediaexplorer\source\repos\Bochs\iodev\network\slirp\tcp_subr.cc(927,9): warning C4996: '_snprintf': This function or variable may be unsafe. Consider using _snprintf_s instead. To disable deprecation, use _CRT_SECURE_NO_WARNINGS. See online help for details.
  tcp_timer.cc
  tftp.cc
c:\Users\mediaexplorer\source\repos\Bochs\iodev\network\slirp\tftp.cc(143,19): warning C4996: '_open': This function or variable may be unsafe. Consider using _sopen_s instead. To disable deprecation, use _CRT_SECURE_NO_WARNINGS. See online help for details.
c:\Users\mediaexplorer\source\repos\Bochs\iodev\network\slirp\tftp.cc(180,14): warning C4996: '_snprintf': This function or variable may be unsafe. Consider using _snprintf_s instead. To disable deprecation, use _CRT_SECURE_NO_WARNINGS. See online help for details.
c:\Users\mediaexplorer\source\repos\Bochs\iodev\network\slirp\tftp.cc(182,14): warning C4996: '_snprintf': This function or variable may be unsafe. Consider using _snprintf_s instead. To disable deprecation, use _CRT_SECURE_NO_WARNINGS. See online help for details.
c:\Users\mediaexplorer\source\repos\Bochs\iodev\network\slirp\tftp.cc(186,14): warning C4996: '_snprintf': This function or variable may be unsafe. Consider using _snprintf_s instead. To disable deprecation, use _CRT_SECURE_NO_WARNINGS. See online help for details.
c:\Users\mediaexplorer\source\repos\Bochs\iodev\network\slirp\tftp.cc(188,14): warning C4996: '_snprintf': This function or variable may be unsafe. Consider using _snprintf_s instead. To disable deprecation, use _CRT_SECURE_NO_WARNINGS. See online help for details.
c:\Users\mediaexplorer\source\repos\Bochs\iodev\network\slirp\tftp.cc(192,14): warning C4996: '_snprintf': This function or variable may be unsafe. Consider using _snprintf_s instead. To disable deprecation, use _CRT_SECURE_NO_WARNINGS. See online help for details.
c:\Users\mediaexplorer\source\repos\Bochs\iodev\network\slirp\tftp.cc(194,14): warning C4996: '_snprintf': This function or variable may be unsafe. Consider using _snprintf_s instead. To disable deprecation, use _CRT_SECURE_NO_WARNINGS. See online help for details.
c:\Users\mediaexplorer\source\repos\Bochs\iodev\network\slirp\tftp.cc(535,8): warning C4996: '_open': This function or variable may be unsafe. Consider using _sopen_s instead. To disable deprecation, use _CRT_SECURE_NO_WARNINGS. See online help for details.
c:\Users\mediaexplorer\source\repos\Bochs\iodev\network\slirp\tftp.cc(542,13): warning C4996: '_open': This function or variable may be unsafe. Consider using _sopen_s instead. To disable deprecation, use _CRT_SECURE_NO_WARNINGS. See online help for details.
  udp.cc
c:\Users\mediaexplorer\source\repos\Bochs\iodev\network\slirp\udp.cc(225,51): warning C4996: 'strerror': This function or variable may be unsafe. Consider using strerror_s instead. To disable deprecation, use _CRT_SECURE_NO_WARNINGS. See online help for details.
  Generating Code...
C:\Program Files\Microsoft Visual Studio\2022\Preview\MSBuild\Microsoft\VC\v170\Microsoft.CppBuild.targets(1546,5): warning MSB8012: TargetPath(c:\Users\mediaexplorer\source\repos\Bochs\obj-debug\iodev_network\iodev_network.lib) does not match the Library's OutputFile property value (c:\Users\mediaexplorer\source\repos\Bochs\obj-debug\iodev_network.lib). This may cause your project to build incorrectly. To correct this, please make sure that $(OutDir), $(TargetName) and $(TargetExt) property values match the value specified in %(Lib.OutputFile).
  iodev_network.vcxproj -> c:\Users\mediaexplorer\source\repos\Bochs\obj-debug\iodev_network\iodev_network.lib
