c:\users\mediaexplorer\source\repos\bochs\obj-debug\iodev_network\mbuf.obj
c:\users\mediaexplorer\source\repos\bochs\obj-debug\iodev_network\ip_output.obj
c:\users\mediaexplorer\source\repos\bochs\obj-debug\iodev_network\ip_input.obj
c:\users\mediaexplorer\source\repos\bochs\obj-debug\iodev_network\ip_icmp.obj
c:\users\mediaexplorer\source\repos\bochs\obj-debug\iodev_network\if.obj
c:\users\mediaexplorer\source\repos\bochs\obj-debug\iodev_network\dnssearch.obj
c:\users\mediaexplorer\source\repos\bochs\obj-debug\iodev_network\compat.obj
c:\users\mediaexplorer\source\repos\bochs\obj-debug\iodev_network\cksum.obj
c:\users\mediaexplorer\source\repos\bochs\obj-debug\iodev_network\bootp.obj
c:\users\mediaexplorer\source\repos\bochs\obj-debug\iodev_network\arp_table.obj
c:\users\mediaexplorer\source\repos\bochs\obj-debug\iodev_network\pcipnic.obj
c:\users\mediaexplorer\source\repos\bochs\obj-debug\iodev_network\netutil.obj
c:\users\mediaexplorer\source\repos\bochs\obj-debug\iodev_network\netmod.obj
c:\users\mediaexplorer\source\repos\bochs\obj-debug\iodev_network\ne2k.obj
c:\users\mediaexplorer\source\repos\bochs\obj-debug\iodev_network\eth_win32.obj
c:\users\mediaexplorer\source\repos\bochs\obj-debug\iodev_network\eth_vnet.obj
c:\users\mediaexplorer\source\repos\bochs\obj-debug\iodev_network\eth_socket.obj
c:\users\mediaexplorer\source\repos\bochs\obj-debug\iodev_network\eth_slirp.obj
c:\users\mediaexplorer\source\repos\bochs\obj-debug\iodev_network\eth_null.obj
c:\users\mediaexplorer\source\repos\bochs\obj-debug\iodev_network\e1000.obj
c:\users\mediaexplorer\source\repos\bochs\obj-debug\iodev_network\udp.obj
c:\users\mediaexplorer\source\repos\bochs\obj-debug\iodev_network\tftp.obj
c:\users\mediaexplorer\source\repos\bochs\obj-debug\iodev_network\tcp_timer.obj
c:\users\mediaexplorer\source\repos\bochs\obj-debug\iodev_network\tcp_subr.obj
c:\users\mediaexplorer\source\repos\bochs\obj-debug\iodev_network\tcp_output.obj
c:\users\mediaexplorer\source\repos\bochs\obj-debug\iodev_network\tcp_input.obj
c:\users\mediaexplorer\source\repos\bochs\obj-debug\iodev_network\socket.obj
c:\users\mediaexplorer\source\repos\bochs\obj-debug\iodev_network\slirp.obj
c:\users\mediaexplorer\source\repos\bochs\obj-debug\iodev_network\sbuf.obj
c:\users\mediaexplorer\source\repos\bochs\obj-debug\iodev_network\misc.obj
c:\users\mediaexplorer\source\repos\bochs\obj-debug\iodev_network.lib
c:\users\mediaexplorer\source\repos\bochs\obj-debug\iodev_network\iodev_network.tlog\cl.command.1.tlog
c:\users\mediaexplorer\source\repos\bochs\obj-debug\iodev_network\iodev_network.tlog\cl.read.1.tlog
c:\users\mediaexplorer\source\repos\bochs\obj-debug\iodev_network\iodev_network.tlog\cl.write.1.tlog
c:\users\mediaexplorer\source\repos\bochs\obj-debug\iodev_network\iodev_network.tlog\lib-link.read.1.tlog
c:\users\mediaexplorer\source\repos\bochs\obj-debug\iodev_network\iodev_network.tlog\lib-link.write.1.tlog
c:\users\mediaexplorer\source\repos\bochs\obj-debug\iodev_network\iodev_network.tlog\lib.command.1.tlog
