c:\users\mediaexplorer\source\repos\bochs\obj-debug\iodev\pit.obj
c:\users\mediaexplorer\source\repos\bochs\obj-debug\iodev\pic.obj
c:\users\mediaexplorer\source\repos\bochs\obj-debug\iodev\pci_ide.obj
c:\users\mediaexplorer\source\repos\bochs\obj-debug\iodev\pci2isa.obj
c:\users\mediaexplorer\source\repos\bochs\obj-debug\iodev\pci.obj
c:\users\mediaexplorer\source\repos\bochs\obj-debug\iodev\parallel.obj
c:\users\mediaexplorer\source\repos\bochs\obj-debug\iodev\keyboard.obj
c:\users\mediaexplorer\source\repos\bochs\obj-debug\iodev\iodebug.obj
c:\users\mediaexplorer\source\repos\bochs\obj-debug\iodev\ioapic.obj
c:\users\mediaexplorer\source\repos\bochs\obj-debug\iodev\hpet.obj
c:\users\mediaexplorer\source\repos\bochs\obj-debug\iodev\harddrv.obj
c:\users\mediaexplorer\source\repos\bochs\obj-debug\iodev\gameport.obj
c:\users\mediaexplorer\source\repos\bochs\obj-debug\iodev\floppy.obj
c:\users\mediaexplorer\source\repos\bochs\obj-debug\iodev\extfpuirq.obj
c:\users\mediaexplorer\source\repos\bochs\obj-debug\iodev\dma.obj
c:\users\mediaexplorer\source\repos\bochs\obj-debug\iodev\devices.obj
c:\users\mediaexplorer\source\repos\bochs\obj-debug\iodev\cmos.obj
c:\users\mediaexplorer\source\repos\bochs\obj-debug\iodev\busmouse.obj
c:\users\mediaexplorer\source\repos\bochs\obj-debug\iodev\biosdev.obj
c:\users\mediaexplorer\source\repos\bochs\obj-debug\iodev\acpi.obj
c:\users\mediaexplorer\source\repos\bochs\obj-debug\iodev\virt_timer.obj
c:\users\mediaexplorer\source\repos\bochs\obj-debug\iodev\unmapped.obj
c:\users\mediaexplorer\source\repos\bochs\obj-debug\iodev\speaker.obj
c:\users\mediaexplorer\source\repos\bochs\obj-debug\iodev\slowdown_timer.obj
c:\users\mediaexplorer\source\repos\bochs\obj-debug\iodev\serial_raw.obj
c:\users\mediaexplorer\source\repos\bochs\obj-debug\iodev\serial.obj
c:\users\mediaexplorer\source\repos\bochs\obj-debug\iodev\scancodes.obj
c:\users\mediaexplorer\source\repos\bochs\obj-debug\iodev\pit82c54.obj
c:\users\mediaexplorer\source\repos\bochs\obj-debug\iodev.lib
c:\users\mediaexplorer\source\repos\bochs\obj-debug\iodev\iodev.tlog\cl.command.1.tlog
c:\users\mediaexplorer\source\repos\bochs\obj-debug\iodev\iodev.tlog\cl.read.1.tlog
c:\users\mediaexplorer\source\repos\bochs\obj-debug\iodev\iodev.tlog\cl.write.1.tlog
c:\users\mediaexplorer\source\repos\bochs\obj-debug\iodev\iodev.tlog\lib-link.read.1.tlog
c:\users\mediaexplorer\source\repos\bochs\obj-debug\iodev\iodev.tlog\lib-link.write.1.tlog
c:\users\mediaexplorer\source\repos\bochs\obj-debug\iodev\iodev.tlog\lib.command.1.tlog
