c:\users\mediaexplorer\source\repos\bochs\obj-debug\cpudb\p3_katmai.obj
c:\users\mediaexplorer\source\repos\bochs\obj-debug\cpudb\p2_klamath.obj
c:\users\mediaexplorer\source\repos\bochs\obj-debug\cpudb\corei7_skylake-x.obj
c:\users\mediaexplorer\source\repos\bochs\obj-debug\cpudb\corei7_sandy_bridge_2600k.obj
c:\users\mediaexplorer\source\repos\bochs\obj-debug\cpudb\corei7_ivy_bridge_3770k.obj
c:\users\mediaexplorer\source\repos\bochs\obj-debug\cpudb\corei7_haswell_4770.obj
c:\users\mediaexplorer\source\repos\bochs\obj-debug\cpudb\corei5_lynnfield_750.obj
c:\users\mediaexplorer\source\repos\bochs\obj-debug\cpudb\corei5_arrandale_m520.obj
c:\users\mediaexplorer\source\repos\bochs\obj-debug\cpudb\core_duo_t2400_yonah.obj
c:\users\mediaexplorer\source\repos\bochs\obj-debug\cpudb\core2_penryn_t9600.obj
c:\users\mediaexplorer\source\repos\bochs\obj-debug\cpudb\broadwell_ult.obj
c:\users\mediaexplorer\source\repos\bochs\obj-debug\cpudb\atom_n270.obj
c:\users\mediaexplorer\source\repos\bochs\obj-debug\cpudb\zambezi.obj
c:\users\mediaexplorer\source\repos\bochs\obj-debug\cpudb\turion64_tyler.obj
c:\users\mediaexplorer\source\repos\bochs\obj-debug\cpudb\trinity_apu.obj
c:\users\mediaexplorer\source\repos\bochs\obj-debug\cpudb\ryzen.obj
c:\users\mediaexplorer\source\repos\bochs\obj-debug\cpudb\phenomx3_8650_toliman.obj
c:\users\mediaexplorer\source\repos\bochs\obj-debug\cpudb\athlon64_venice.obj
c:\users\mediaexplorer\source\repos\bochs\obj-debug\cpudb\athlon64_clawhammer.obj
c:\users\mediaexplorer\source\repos\bochs\obj-debug\cpudb\amd_k6_2_chomper.obj
c:\users\mediaexplorer\source\repos\bochs\obj-debug\cpudb\pentium_mmx.obj
c:\users\mediaexplorer\source\repos\bochs\obj-debug\cpudb\pentium.obj
c:\users\mediaexplorer\source\repos\bochs\obj-debug\cpudb\p4_willamette.obj
c:\users\mediaexplorer\source\repos\bochs\obj-debug\cpudb\p4_prescott_celeron_336.obj
c:\users\mediaexplorer\source\repos\bochs\obj-debug\cpudb.lib
c:\users\mediaexplorer\source\repos\bochs\obj-debug\cpudb\cpudb.tlog\cl.command.1.tlog
c:\users\mediaexplorer\source\repos\bochs\obj-debug\cpudb\cpudb.tlog\cl.read.1.tlog
c:\users\mediaexplorer\source\repos\bochs\obj-debug\cpudb\cpudb.tlog\cl.write.1.tlog
c:\users\mediaexplorer\source\repos\bochs\obj-debug\cpudb\cpudb.tlog\lib-link.read.1.tlog
c:\users\mediaexplorer\source\repos\bochs\obj-debug\cpudb\cpudb.tlog\lib-link.write.1.tlog
c:\users\mediaexplorer\source\repos\bochs\obj-debug\cpudb\cpudb.tlog\lib.command.1.tlog
