c:\users\mediaexplorer\source\repos\bochs\obj-debug\avx\tbm32.obj
c:\users\mediaexplorer\source\repos\bochs\obj-debug\avx\gather.obj
c:\users\mediaexplorer\source\repos\bochs\obj-debug\avx\avx_pfp.obj
c:\users\mediaexplorer\source\repos\bochs\obj-debug\avx\avx_fma.obj
c:\users\mediaexplorer\source\repos\bochs\obj-debug\avx\avx_cvt.obj
c:\users\mediaexplorer\source\repos\bochs\obj-debug\avx\vnni.obj
c:\users\mediaexplorer\source\repos\bochs\obj-debug\avx\avx512_rsqrt14.obj
c:\users\mediaexplorer\source\repos\bochs\obj-debug\avx\avx512_rcp14.obj
c:\users\mediaexplorer\source\repos\bochs\obj-debug\avx\avx512_pfp.obj
c:\users\mediaexplorer\source\repos\bochs\obj-debug\avx\avx512_move.obj
c:\users\mediaexplorer\source\repos\bochs\obj-debug\avx\avx512_mask8.obj
c:\users\mediaexplorer\source\repos\bochs\obj-debug\avx\avx512_mask64.obj
c:\users\mediaexplorer\source\repos\bochs\obj-debug\avx\avx512_mask32.obj
c:\users\mediaexplorer\source\repos\bochs\obj-debug\avx\avx512_mask16.obj
c:\users\mediaexplorer\source\repos\bochs\obj-debug\avx\avx512_fma.obj
c:\users\mediaexplorer\source\repos\bochs\obj-debug\avx\avx512_cvt.obj
c:\users\mediaexplorer\source\repos\bochs\obj-debug\avx\avx512_bitalg.obj
c:\users\mediaexplorer\source\repos\bochs\obj-debug\avx\avx512.obj
c:\users\mediaexplorer\source\repos\bochs\obj-debug\avx\avx2.obj
c:\users\mediaexplorer\source\repos\bochs\obj-debug\avx\avx.obj
c:\users\mediaexplorer\source\repos\bochs\obj-debug\avx\xop.obj
c:\users\mediaexplorer\source\repos\bochs\obj-debug\avx\tbm64.obj
c:\users\mediaexplorer\source\repos\bochs\obj-debug\avx.lib
c:\users\mediaexplorer\source\repos\bochs\obj-debug\avx\avx.tlog\cl.command.1.tlog
c:\users\mediaexplorer\source\repos\bochs\obj-debug\avx\avx.tlog\cl.read.1.tlog
c:\users\mediaexplorer\source\repos\bochs\obj-debug\avx\avx.tlog\cl.write.1.tlog
c:\users\mediaexplorer\source\repos\bochs\obj-debug\avx\avx.tlog\lib-link.read.1.tlog
c:\users\mediaexplorer\source\repos\bochs\obj-debug\avx\avx.tlog\lib-link.write.1.tlog
c:\users\mediaexplorer\source\repos\bochs\obj-debug\avx\avx.tlog\lib.command.1.tlog
