  cdrom.cc
c:\Users\mediaexplorer\source\repos\Bochs\iodev\hdimage\cdrom.cc(39,3): warning C4996: 'sprintf': This function or variable may be unsafe. Consider using sprintf_s instead. To disable deprecation, use _CRT_SECURE_NO_WARNINGS. See online help for details.
c:\Users\mediaexplorer\source\repos\Bochs\iodev\hdimage\cdrom.cc(70,8): warning C4996: '_open': This function or variable may be unsafe. Consider using _sopen_s instead. To disable deprecation, use _CRT_SECURE_NO_WARNINGS. See online help for details.
c:\Users\mediaexplorer\source\repos\Bochs\iodev\hdimage\cdrom.cc(76,5): warning C4996: 'strerror': This function or variable may be unsafe. Consider using strerror_s instead. To disable deprecation, use _CRT_SECURE_NO_WARNINGS. See online help for details.
c:\Users\mediaexplorer\source\repos\Bochs\iodev\hdimage\cdrom.cc(83,5): warning C4996: 'strerror': This function or variable may be unsafe. Consider using strerror_s instead. To disable deprecation, use _CRT_SECURE_NO_WARNINGS. See online help for details.
c:\Users\mediaexplorer\source\repos\Bochs\iodev\hdimage\cdrom.cc(277,8): warning C4996: 'strerror': This function or variable may be unsafe. Consider using strerror_s instead. To disable deprecation, use _CRT_SECURE_NO_WARNINGS. See online help for details.
  cdrom_win32.cc
c:\Users\mediaexplorer\source\repos\Bochs\iodev\hdimage\cdrom_win32.cc(132,3): warning C4996: 'sprintf': This function or variable may be unsafe. Consider using sprintf_s instead. To disable deprecation, use _CRT_SECURE_NO_WARNINGS. See online help for details.
c:\Users\mediaexplorer\source\repos\Bochs\iodev\hdimage\cdrom_win32.cc(168,7): warning C4996: 'sprintf': This function or variable may be unsafe. Consider using sprintf_s instead. To disable deprecation, use _CRT_SECURE_NO_WARNINGS. See online help for details.
c:\Users\mediaexplorer\source\repos\Bochs\iodev\hdimage\cdrom_win32.cc(177,5): warning C4996: 'strcpy': This function or variable may be unsafe. Consider using strcpy_s instead. To disable deprecation, use _CRT_SECURE_NO_WARNINGS. See online help for details.
c:\Users\mediaexplorer\source\repos\Bochs\iodev\hdimage\cdrom_win32.cc(192,6): warning C4996: 'strerror': This function or variable may be unsafe. Consider using strerror_s instead. To disable deprecation, use _CRT_SECURE_NO_WARNINGS. See online help for details.
  hdimage.cc
c:\Users\mediaexplorer\source\repos\Bochs\iodev\hdimage\hdimage.cc(126,5): warning C4996: 'strcat': This function or variable may be unsafe. Consider using strcat_s instead. To disable deprecation, use _CRT_SECURE_NO_WARNINGS. See online help for details.
c:\Users\mediaexplorer\source\repos\Bochs\iodev\hdimage\hdimage.cc(127,5): warning C4996: 'strcat': This function or variable may be unsafe. Consider using strcat_s instead. To disable deprecation, use _CRT_SECURE_NO_WARNINGS. See online help for details.
c:\Users\mediaexplorer\source\repos\Bochs\iodev\hdimage\hdimage.cc(315,3): warning C4996: 'sprintf': This function or variable may be unsafe. Consider using sprintf_s instead. To disable deprecation, use _CRT_SECURE_NO_WARNINGS. See online help for details.
c:\Users\mediaexplorer\source\repos\Bochs\iodev\hdimage\hdimage.cc(356,3): warning C4996: 'sprintf': This function or variable may be unsafe. Consider using sprintf_s instead. To disable deprecation, use _CRT_SECURE_NO_WARNINGS. See online help for details.
c:\Users\mediaexplorer\source\repos\Bochs\iodev\hdimage\hdimage.cc(357,14): warning C4996: '_open': This function or variable may be unsafe. Consider using _sopen_s instead. To disable deprecation, use _CRT_SECURE_NO_WARNINGS. See online help for details.
c:\Users\mediaexplorer\source\repos\Bochs\iodev\hdimage\hdimage.cc(373,14): warning C4996: '_open': This function or variable may be unsafe. Consider using _sopen_s instead. To disable deprecation, use _CRT_SECURE_NO_WARNINGS. See online help for details.
c:\Users\mediaexplorer\source\repos\Bochs\iodev\hdimage\hdimage.cc(406,16): warning C4996: '_open': This function or variable may be unsafe. Consider using _sopen_s instead. To disable deprecation, use _CRT_SECURE_NO_WARNINGS. See online help for details.
c:\Users\mediaexplorer\source\repos\Bochs\iodev\hdimage\hdimage.cc(487,5): warning C4996: 'strcpy': This function or variable may be unsafe. Consider using strcpy_s instead. To disable deprecation, use _CRT_SECURE_NO_WARNINGS. See online help for details.
c:\Users\mediaexplorer\source\repos\Bochs\iodev\hdimage\hdimage.cc(492,3): warning C4996: 'sprintf': This function or variable may be unsafe. Consider using sprintf_s instead. To disable deprecation, use _CRT_SECURE_NO_WARNINGS. See online help for details.
c:\Users\mediaexplorer\source\repos\Bochs\iodev\hdimage\hdimage.cc(504,7): warning C4996: 'strcpy': This function or variable may be unsafe. Consider using strcpy_s instead. To disable deprecation, use _CRT_SECURE_NO_WARNINGS. See online help for details.
c:\Users\mediaexplorer\source\repos\Bochs\iodev\hdimage\hdimage.cc(506,5): warning C4996: 'sprintf': This function or variable may be unsafe. Consider using sprintf_s instead. To disable deprecation, use _CRT_SECURE_NO_WARNINGS. See online help for details.
c:\Users\mediaexplorer\source\repos\Bochs\iodev\hdimage\hdimage.cc(518,21): warning C4996: '_open': This function or variable may be unsafe. Consider using _sopen_s instead. To disable deprecation, use _CRT_SECURE_NO_WARNINGS. See online help for details.
c:\Users\mediaexplorer\source\repos\Bochs\iodev\hdimage\hdimage.cc(755,3): warning C4996: 'strcpy': This function or variable may be unsafe. Consider using strcpy_s instead. To disable deprecation, use _CRT_SECURE_NO_WARNINGS. See online help for details.
c:\Users\mediaexplorer\source\repos\Bochs\iodev\hdimage\hdimage.cc(803,3): warning C4996: 'strcpy': This function or variable may be unsafe. Consider using strcpy_s instead. To disable deprecation, use _CRT_SECURE_NO_WARNINGS. See online help for details.
c:\Users\mediaexplorer\source\repos\Bochs\iodev\hdimage\hdimage.cc(927,5): warning C4996: 'sprintf': This function or variable may be unsafe. Consider using sprintf_s instead. To disable deprecation, use _CRT_SECURE_NO_WARNINGS. See online help for details.
c:\Users\mediaexplorer\source\repos\Bochs\iodev\hdimage\hdimage.cc(940,3): warning C4996: 'strcpy': This function or variable may be unsafe. Consider using strcpy_s instead. To disable deprecation, use _CRT_SECURE_NO_WARNINGS. See online help for details.
c:\Users\mediaexplorer\source\repos\Bochs\iodev\hdimage\hdimage.cc(942,5): warning C4996: 'sprintf': This function or variable may be unsafe. Consider using sprintf_s instead. To disable deprecation, use _CRT_SECURE_NO_WARNINGS. See online help for details.
c:\Users\mediaexplorer\source\repos\Bochs\iodev\hdimage\hdimage.cc(1040,13): warning C4996: 'strerror': This function or variable may be unsafe. Consider using strerror_s instead. To disable deprecation, use _CRT_SECURE_NO_WARNINGS. See online help for details.
c:\Users\mediaexplorer\source\repos\Bochs\iodev\hdimage\hdimage.cc(1194,15): warning C4996: 'strerror': This function or variable may be unsafe. Consider using strerror_s instead. To disable deprecation, use _CRT_SECURE_NO_WARNINGS. See online help for details.
c:\Users\mediaexplorer\source\repos\Bochs\iodev\hdimage\hdimage.cc(1201,13): warning C4996: 'strerror': This function or variable may be unsafe. Consider using strerror_s instead. To disable deprecation, use _CRT_SECURE_NO_WARNINGS. See online help for details.
c:\Users\mediaexplorer\source\repos\Bochs\iodev\hdimage\hdimage.cc(1257,5): warning C4996: '_snprintf': This function or variable may be unsafe. Consider using _snprintf_s instead. To disable deprecation, use _CRT_SECURE_NO_WARNINGS. See online help for details.
c:\Users\mediaexplorer\source\repos\Bochs\iodev\hdimage\hdimage.cc(1261,5): warning C4996: '_snprintf': This function or variable may be unsafe. Consider using _snprintf_s instead. To disable deprecation, use _CRT_SECURE_NO_WARNINGS. See online help for details.
c:\Users\mediaexplorer\source\repos\Bochs\iodev\hdimage\hdimage.cc(1322,30): warning C4996: 'strerror': This function or variable may be unsafe. Consider using strerror_s instead. To disable deprecation, use _CRT_SECURE_NO_WARNINGS. See online help for details.
c:\Users\mediaexplorer\source\repos\Bochs\iodev\hdimage\hdimage.cc(1325,30): warning C4996: 'strerror': This function or variable may be unsafe. Consider using strerror_s instead. To disable deprecation, use _CRT_SECURE_NO_WARNINGS. See online help for details.
c:\Users\mediaexplorer\source\repos\Bochs\iodev\hdimage\hdimage.cc(1342,30): warning C4996: 'strerror': This function or variable may be unsafe. Consider using strerror_s instead. To disable deprecation, use _CRT_SECURE_NO_WARNINGS. See online help for details.
c:\Users\mediaexplorer\source\repos\Bochs\iodev\hdimage\hdimage.cc(1346,30): warning C4996: 'strerror': This function or variable may be unsafe. Consider using strerror_s instead. To disable deprecation, use _CRT_SECURE_NO_WARNINGS. See online help for details.
c:\Users\mediaexplorer\source\repos\Bochs\iodev\hdimage\hdimage.cc(1364,15): warning C4996: 'strerror': This function or variable may be unsafe. Consider using strerror_s instead. To disable deprecation, use _CRT_SECURE_NO_WARNINGS. See online help for details.
c:\Users\mediaexplorer\source\repos\Bochs\iodev\hdimage\hdimage.cc(1371,13): warning C4996: 'strerror': This function or variable may be unsafe. Consider using strerror_s instead. To disable deprecation, use _CRT_SECURE_NO_WARNINGS. See online help for details.
c:\Users\mediaexplorer\source\repos\Bochs\iodev\hdimage\hdimage.cc(1422,28): warning C4996: 'strerror': This function or variable may be unsafe. Consider using strerror_s instead. To disable deprecation, use _CRT_SECURE_NO_WARNINGS. See online help for details.
c:\Users\mediaexplorer\source\repos\Bochs\iodev\hdimage\hdimage.cc(1425,28): warning C4996: 'strerror': This function or variable may be unsafe. Consider using strerror_s instead. To disable deprecation, use _CRT_SECURE_NO_WARNINGS. See online help for details.
c:\Users\mediaexplorer\source\repos\Bochs\iodev\hdimage\hdimage.cc(1692,3): warning C4996: 'strcpy': This function or variable may be unsafe. Consider using strcpy_s instead. To disable deprecation, use _CRT_SECURE_NO_WARNINGS. See online help for details.
c:\Users\mediaexplorer\source\repos\Bochs\iodev\hdimage\hdimage.cc(1693,3): warning C4996: 'strcpy': This function or variable may be unsafe. Consider using strcpy_s instead. To disable deprecation, use _CRT_SECURE_NO_WARNINGS. See online help for details.
c:\Users\mediaexplorer\source\repos\Bochs\iodev\hdimage\hdimage.cc(1694,3): warning C4996: 'strcpy': This function or variable may be unsafe. Consider using strcpy_s instead. To disable deprecation, use _CRT_SECURE_NO_WARNINGS. See online help for details.
c:\Users\mediaexplorer\source\repos\Bochs\iodev\hdimage\hdimage.cc(1745,3): warning C4996: 'sprintf': This function or variable may be unsafe. Consider using sprintf_s instead. To disable deprecation, use _CRT_SECURE_NO_WARNINGS. See online help for details.
c:\Users\mediaexplorer\source\repos\Bochs\iodev\hdimage\hdimage.cc(1753,19): warning C4996: '_open': This function or variable may be unsafe. Consider using _sopen_s instead. To disable deprecation, use _CRT_SECURE_NO_WARNINGS. See online help for details.
c:\Users\mediaexplorer\source\repos\Bochs\iodev\hdimage\hdimage.cc(1801,3): warning C4996: 'strcpy': This function or variable may be unsafe. Consider using strcpy_s instead. To disable deprecation, use _CRT_SECURE_NO_WARNINGS. See online help for details.
c:\Users\mediaexplorer\source\repos\Bochs\iodev\hdimage\hdimage.cc(2302,7): warning C4996: 'sprintf': This function or variable may be unsafe. Consider using sprintf_s instead. To disable deprecation, use _CRT_SECURE_NO_WARNINGS. See online help for details.
c:\Users\mediaexplorer\source\repos\Bochs\iodev\hdimage\hdimage.cc(2324,7): warning C4996: 'strcpy': This function or variable may be unsafe. Consider using strcpy_s instead. To disable deprecation, use _CRT_SECURE_NO_WARNINGS. See online help for details.
c:\Users\mediaexplorer\source\repos\Bochs\iodev\hdimage\hdimage.cc(2370,5): warning C4996: 'sprintf': This function or variable may be unsafe. Consider using sprintf_s instead. To disable deprecation, use _CRT_SECURE_NO_WARNINGS. See online help for details.
c:\Users\mediaexplorer\source\repos\Bochs\iodev\hdimage\hdimage.cc(2477,7): warning C4996: 'strcpy': This function or variable may be unsafe. Consider using strcpy_s instead. To disable deprecation, use _CRT_SECURE_NO_WARNINGS. See online help for details.
c:\Users\mediaexplorer\source\repos\Bochs\iodev\hdimage\hdimage.cc(2525,5): warning C4996: 'strcpy': This function or variable may be unsafe. Consider using strcpy_s instead. To disable deprecation, use _CRT_SECURE_NO_WARNINGS. See online help for details.
c:\Users\mediaexplorer\source\repos\Bochs\iodev\hdimage\hdimage.cc(2529,3): warning C4996: 'sprintf': This function or variable may be unsafe. Consider using sprintf_s instead. To disable deprecation, use _CRT_SECURE_NO_WARNINGS. See online help for details.
  vbox.cc
  vmware3.cc
c:\Users\mediaexplorer\source\repos\Bochs\iodev\hdimage\vmware3.h(63,16): warning C4359: 'vmware3_image_t::_COW_Header': Alignment specifier is less than actual alignment (4), and will be ignored.
c:\Users\mediaexplorer\source\repos\Bochs\iodev\hdimage\vmware3.cc(216,3): warning C4996: 'strcpy': This function or variable may be unsafe. Consider using strcpy_s instead. To disable deprecation, use _CRT_SECURE_NO_WARNINGS. See online help for details.
c:\Users\mediaexplorer\source\repos\Bochs\iodev\hdimage\vmware3.cc(219,5): warning C4996: 'sprintf': This function or variable may be unsafe. Consider using sprintf_s instead. To disable deprecation, use _CRT_SECURE_NO_WARNINGS. See online help for details.
c:\Users\mediaexplorer\source\repos\Bochs\iodev\hdimage\vmware3.cc(223,7): warning C4996: 'strcpy': This function or variable may be unsafe. Consider using strcpy_s instead. To disable deprecation, use _CRT_SECURE_NO_WARNINGS. See online help for details.
c:\Users\mediaexplorer\source\repos\Bochs\iodev\hdimage\vmware3.cc(225,7): warning C4996: 'strcat': This function or variable may be unsafe. Consider using strcat_s instead. To disable deprecation, use _CRT_SECURE_NO_WARNINGS. See online help for details.
c:\Users\mediaexplorer\source\repos\Bochs\iodev\hdimage\vmware3.cc(226,7): warning C4996: 'strcat': This function or variable may be unsafe. Consider using strcat_s instead. To disable deprecation, use _CRT_SECURE_NO_WARNINGS. See online help for details.
c:\Users\mediaexplorer\source\repos\Bochs\iodev\hdimage\vmware3.cc(228,7): warning C4996: 'strcat': This function or variable may be unsafe. Consider using strcat_s instead. To disable deprecation, use _CRT_SECURE_NO_WARNINGS. See online help for details.
c:\Users\mediaexplorer\source\repos\Bochs\iodev\hdimage\vmware3.cc(277,21): warning C4996: '_open': This function or variable may be unsafe. Consider using _sopen_s instead. To disable deprecation, use _CRT_SECURE_NO_WARNINGS. See online help for details.
c:\Users\mediaexplorer\source\repos\Bochs\iodev\hdimage\vmware3.cc(573,5): warning C4996: 'sprintf': This function or variable may be unsafe. Consider using sprintf_s instead. To disable deprecation, use _CRT_SECURE_NO_WARNINGS. See online help for details.
c:\Users\mediaexplorer\source\repos\Bochs\iodev\hdimage\vmware3.cc(602,5): warning C4996: 'sprintf': This function or variable may be unsafe. Consider using sprintf_s instead. To disable deprecation, use _CRT_SECURE_NO_WARNINGS. See online help for details.
c:\Users\mediaexplorer\source\repos\Bochs\iodev\hdimage\vmware3.cc(605,5): warning C4996: 'strcpy': This function or variable may be unsafe. Consider using strcpy_s instead. To disable deprecation, use _CRT_SECURE_NO_WARNINGS. See online help for details.
  vmware4.cc
  vpc.cc
c:\Users\mediaexplorer\source\repos\Bochs\iodev\hdimage\vpc.h(71,8): warning C4359: 'vhd_footer_t': Alignment specifier is less than actual alignment (8), and will be ignored.
c:\Users\mediaexplorer\source\repos\Bochs\iodev\hdimage\vpc.h(114,8): warning C4359: 'vhd_dyndisk_header_t': Alignment specifier is less than actual alignment (8), and will be ignored.
  vvfat.cc
c:\Users\mediaexplorer\source\repos\Bochs\iodev\hdimage\vvfat.h(55,10): warning C4359: 'direntry_t': Alignment specifier is less than actual alignment (4), and will be ignored.
c:\Users\mediaexplorer\source\repos\Bochs\iodev\hdimage\vvfat.cc(823,5): warning C4996: '_snprintf': This function or variable may be unsafe. Consider using _snprintf_s instead. To disable deprecation, use _CRT_SECURE_NO_WARNINGS. See online help for details.
c:\Users\mediaexplorer\source\repos\Bochs\iodev\hdimage\vvfat.cc(1021,7): warning C4996: 'sprintf': This function or variable may be unsafe. Consider using sprintf_s instead. To disable deprecation, use _CRT_SECURE_NO_WARNINGS. See online help for details.
c:\Users\mediaexplorer\source\repos\Bochs\iodev\hdimage\vvfat.cc(1112,14): warning C4996: '_open': This function or variable may be unsafe. Consider using _sopen_s instead. To disable deprecation, use _CRT_SECURE_NO_WARNINGS. See online help for details.
c:\Users\mediaexplorer\source\repos\Bochs\iodev\hdimage\vvfat.cc(1144,3): warning C4996: 'sprintf': This function or variable may be unsafe. Consider using sprintf_s instead. To disable deprecation, use _CRT_SECURE_NO_WARNINGS. See online help for details.
c:\Users\mediaexplorer\source\repos\Bochs\iodev\hdimage\vvfat.cc(1145,8): warning C4996: 'fopen': This function or variable may be unsafe. Consider using fopen_s instead. To disable deprecation, use _CRT_SECURE_NO_WARNINGS. See online help for details.
c:\Users\mediaexplorer\source\repos\Bochs\iodev\hdimage\vvfat.cc(1153,15): warning C4996: 'strtok': This function or variable may be unsafe. Consider using strtok_s instead. To disable deprecation, use _CRT_SECURE_NO_WARNINGS. See online help for details.
c:\Users\mediaexplorer\source\repos\Bochs\iodev\hdimage\vvfat.cc(1155,11): warning C4996: 'strcpy': This function or variable may be unsafe. Consider using strcpy_s instead. To disable deprecation, use _CRT_SECURE_NO_WARNINGS. See online help for details.
c:\Users\mediaexplorer\source\repos\Bochs\iodev\hdimage\vvfat.cc(1157,11): warning C4996: 'strcpy': This function or variable may be unsafe. Consider using strcpy_s instead. To disable deprecation, use _CRT_SECURE_NO_WARNINGS. See online help for details.
c:\Users\mediaexplorer\source\repos\Bochs\iodev\hdimage\vvfat.cc(1163,11): warning C4996: 'strcpy': This function or variable may be unsafe. Consider using strcpy_s instead. To disable deprecation, use _CRT_SECURE_NO_WARNINGS. See online help for details.
c:\Users\mediaexplorer\source\repos\Bochs\iodev\hdimage\vvfat.cc(1164,11): warning C4996: 'sprintf': This function or variable may be unsafe. Consider using sprintf_s instead. To disable deprecation, use _CRT_SECURE_NO_WARNINGS. See online help for details.
c:\Users\mediaexplorer\source\repos\Bochs\iodev\hdimage\vvfat.cc(1170,17): warning C4996: 'strtok': This function or variable may be unsafe. Consider using strtok_s instead. To disable deprecation, use _CRT_SECURE_NO_WARNINGS. See online help for details.
c:\Users\mediaexplorer\source\repos\Bochs\iodev\hdimage\vvfat.cc(1211,3): warning C4996: '_snprintf': This function or variable may be unsafe. Consider using _snprintf_s instead. To disable deprecation, use _CRT_SECURE_NO_WARNINGS. See online help for details.
c:\Users\mediaexplorer\source\repos\Bochs\iodev\hdimage\vvfat.cc(1241,3): warning C4996: '_snprintf': This function or variable may be unsafe. Consider using _snprintf_s instead. To disable deprecation, use _CRT_SECURE_NO_WARNINGS. See online help for details.
c:\Users\mediaexplorer\source\repos\Bochs\iodev\hdimage\vvfat.cc(1245,7): warning C4996: 'sprintf': This function or variable may be unsafe. Consider using sprintf_s instead. To disable deprecation, use _CRT_SECURE_NO_WARNINGS. See online help for details.
c:\Users\mediaexplorer\source\repos\Bochs\iodev\hdimage\vvfat.cc(1360,3): warning C4996: '_snprintf': This function or variable may be unsafe. Consider using _snprintf_s instead. To disable deprecation, use _CRT_SECURE_NO_WARNINGS. See online help for details.
c:\Users\mediaexplorer\source\repos\Bochs\iodev\hdimage\vvfat.cc(1374,3): warning C4996: 'sprintf': This function or variable may be unsafe. Consider using sprintf_s instead. To disable deprecation, use _CRT_SECURE_NO_WARNINGS. See online help for details.
c:\Users\mediaexplorer\source\repos\Bochs\iodev\hdimage\vvfat.cc(1422,9): warning C4996: 'strcat': This function or variable may be unsafe. Consider using strcat_s instead. To disable deprecation, use _CRT_SECURE_NO_WARNINGS. See online help for details.
c:\Users\mediaexplorer\source\repos\Bochs\iodev\hdimage\vvfat.cc(1423,9): warning C4996: 'strcpy': This function or variable may be unsafe. Consider using strcpy_s instead. To disable deprecation, use _CRT_SECURE_NO_WARNINGS. See online help for details.
c:\Users\mediaexplorer\source\repos\Bochs\iodev\hdimage\vvfat.cc(1432,38): warning C4996: 'strcat': This function or variable may be unsafe. Consider using strcat_s instead. To disable deprecation, use _CRT_SECURE_NO_WARNINGS. See online help for details.
c:\Users\mediaexplorer\source\repos\Bochs\iodev\hdimage\vvfat.cc(1494,12): warning C4996: '_open': This function or variable may be unsafe. Consider using _sopen_s instead. To disable deprecation, use _CRT_SECURE_NO_WARNINGS. See online help for details.
c:\Users\mediaexplorer\source\repos\Bochs\iodev\hdimage\vvfat.cc(1503,12): warning C4996: '_open': This function or variable may be unsafe. Consider using _sopen_s instead. To disable deprecation, use _CRT_SECURE_NO_WARNINGS. See online help for details.
c:\Users\mediaexplorer\source\repos\Bochs\iodev\hdimage\vvfat.cc(1628,7): warning C4996: 'sprintf': This function or variable may be unsafe. Consider using sprintf_s instead. To disable deprecation, use _CRT_SECURE_NO_WARNINGS. See online help for details.
c:\Users\mediaexplorer\source\repos\Bochs\iodev\hdimage\vvfat.cc(1632,51): warning C4996: 'strcpy': This function or variable may be unsafe. Consider using strcpy_s instead. To disable deprecation, use _CRT_SECURE_NO_WARNINGS. See online help for details.
c:\Users\mediaexplorer\source\repos\Bochs\iodev\hdimage\vvfat.cc(1633,44): warning C4996: 'strcpy': This function or variable may be unsafe. Consider using strcpy_s instead. To disable deprecation, use _CRT_SECURE_NO_WARNINGS. See online help for details.
c:\Users\mediaexplorer\source\repos\Bochs\iodev\hdimage\vvfat.cc(1634,44): warning C4996: 'strcat': This function or variable may be unsafe. Consider using strcat_s instead. To disable deprecation, use _CRT_SECURE_NO_WARNINGS. See online help for details.
c:\Users\mediaexplorer\source\repos\Bochs\iodev\hdimage\vvfat.cc(1635,44): warning C4996: 'strcat': This function or variable may be unsafe. Consider using strcat_s instead. To disable deprecation, use _CRT_SECURE_NO_WARNINGS. See online help for details.
c:\Users\mediaexplorer\source\repos\Bochs\iodev\hdimage\vvfat.cc(1728,3): warning C4996: 'sprintf': This function or variable may be unsafe. Consider using sprintf_s instead. To disable deprecation, use _CRT_SECURE_NO_WARNINGS. See online help for details.
c:\Users\mediaexplorer\source\repos\Bochs\iodev\hdimage\vvfat.cc(1729,19): warning C4996: 'fopen': This function or variable may be unsafe. Consider using fopen_s instead. To disable deprecation, use _CRT_SECURE_NO_WARNINGS. See online help for details.
c:\Users\mediaexplorer\source\repos\Bochs\iodev\hdimage\vvfat.cc(1755,5): warning C4996: 'sprintf': This function or variable may be unsafe. Consider using sprintf_s instead. To disable deprecation, use _CRT_SECURE_NO_WARNINGS. See online help for details.
c:\Users\mediaexplorer\source\repos\Bochs\iodev\hdimage\vvfat.cc(1869,16): warning C4996: '_open': This function or variable may be unsafe. Consider using _sopen_s instead. To disable deprecation, use _CRT_SECURE_NO_WARNINGS. See online help for details.
  Generating Code...
C:\Program Files\Microsoft Visual Studio\2022\Preview\MSBuild\Microsoft\VC\v170\Microsoft.CppBuild.targets(1546,5): warning MSB8012: TargetPath(c:\Users\mediaexplorer\source\repos\Bochs\obj-debug\iodev_hdimage\iodev_hdimage.lib) does not match the Library's OutputFile property value (c:\Users\mediaexplorer\source\repos\Bochs\obj-debug\iodev_hdimage.lib). This may cause your project to build incorrectly. To correct this, please make sure that $(OutDir), $(TargetName) and $(TargetExt) property values match the value specified in %(Lib.OutputFile).
  iodev_hdimage.vcxproj -> c:\Users\mediaexplorer\source\repos\Bochs\obj-debug\iodev_hdimage\iodev_hdimage.lib
