c:\users\mediaexplorer\source\repos\bochs\obj-debug\gui\win32paramdlg.obj
c:\users\mediaexplorer\source\repos\bochs\obj-debug\gui\win32config.obj
c:\users\mediaexplorer\source\repos\bochs\obj-debug\gui\win32_enh_dbg_osdep.obj
c:\users\mediaexplorer\source\repos\bochs\obj-debug\gui\win32.obj
c:\users\mediaexplorer\source\repos\bochs\obj-debug\gui\textconfig.obj
c:\users\mediaexplorer\source\repos\bochs\obj-debug\gui\siminterface.obj
c:\users\mediaexplorer\source\repos\bochs\obj-debug\gui\scrollwin.obj
c:\users\mediaexplorer\source\repos\bochs\obj-debug\gui\rfb.obj
c:\users\mediaexplorer\source\repos\bochs\obj-debug\gui\paramtree.obj
c:\users\mediaexplorer\source\repos\bochs\obj-debug\gui\nogui.obj
c:\users\mediaexplorer\source\repos\bochs\obj-debug\gui\keymap.obj
c:\users\mediaexplorer\source\repos\bochs\obj-debug\gui\gui.obj
c:\users\mediaexplorer\source\repos\bochs\obj-debug\gui\enh_dbg.obj
c:\users\mediaexplorer\source\repos\bochs\obj-debug\gui.lib
c:\users\mediaexplorer\source\repos\bochs\obj-debug\gui\gui.tlog\cl.command.1.tlog
c:\users\mediaexplorer\source\repos\bochs\obj-debug\gui\gui.tlog\cl.read.1.tlog
c:\users\mediaexplorer\source\repos\bochs\obj-debug\gui\gui.tlog\cl.write.1.tlog
c:\users\mediaexplorer\source\repos\bochs\obj-debug\gui\gui.tlog\lib-link.read.1.tlog
c:\users\mediaexplorer\source\repos\bochs\obj-debug\gui\gui.tlog\lib-link.write.1.tlog
c:\users\mediaexplorer\source\repos\bochs\obj-debug\gui\gui.tlog\lib.command.1.tlog
