c:\users\media\source\repos\bochs-2.7\obj-debug\plugin.obj
c:\users\media\source\repos\bochs-2.7\obj-debug\pc_system.obj
c:\users\media\source\repos\bochs-2.7\obj-debug\osdep.obj
c:\users\media\source\repos\bochs-2.7\obj-debug\main.obj
c:\users\media\source\repos\bochs-2.7\obj-debug\logio.obj
c:\users\media\source\repos\bochs-2.7\obj-debug\crc.obj
c:\users\media\source\repos\bochs-2.7\obj-debug\config.obj
c:\users\media\source\repos\bochs-2.7\obj-debug\bxthread.obj
c:\users\media\source\repos\bochs-2.7\obj-debug\bochs.ilk
c:\users\media\source\repos\bochs-2.7\obj-debug\bochs.exe
c:\users\media\source\repos\bochs-2.7\obj-debug\bochs.pdb
c:\users\media\source\repos\bochs-2.7\obj-debug\win32res.res
c:\users\media\source\repos\bochs-2.7\obj-debug\bxhub.ilk
c:\users\media\source\repos\bochs-2.7\obj-debug\niclist.ilk
c:\users\media\source\repos\bochs-2.7\obj-debug\.\..\obj-debug\bochs.pdb
c:\users\media\source\repos\bochs-2.7\vs2019\.\..\obj-debug\bochs.exe
c:\users\media\source\repos\bochs-2.7\obj-debug\.\..\obj-debug\bochs.ilk
c:\users\media\source\repos\bochs-2.7\obj-debug\bochs.tlog\cl.command.1.tlog
c:\users\media\source\repos\bochs-2.7\obj-debug\bochs.tlog\cl.read.1.tlog
c:\users\media\source\repos\bochs-2.7\obj-debug\bochs.tlog\cl.write.1.tlog
c:\users\media\source\repos\bochs-2.7\obj-debug\bochs.tlog\link.command.1.tlog
c:\users\media\source\repos\bochs-2.7\obj-debug\bochs.tlog\link.read.1.tlog
c:\users\media\source\repos\bochs-2.7\obj-debug\bochs.tlog\link.write.1.tlog
c:\users\media\source\repos\bochs-2.7\obj-debug\bochs.tlog\rc.command.1.tlog
c:\users\media\source\repos\bochs-2.7\obj-debug\bochs.tlog\rc.read.1.tlog
c:\users\media\source\repos\bochs-2.7\obj-debug\bochs.tlog\rc.write.1.tlog
