c:\users\mediaexplorer\source\repos\bochs\obj-debug\plugin.obj
c:\users\mediaexplorer\source\repos\bochs\obj-debug\pc_system.obj
c:\users\mediaexplorer\source\repos\bochs\obj-debug\osdep.obj
c:\users\mediaexplorer\source\repos\bochs\obj-debug\main.obj
c:\users\mediaexplorer\source\repos\bochs\obj-debug\logio.obj
c:\users\mediaexplorer\source\repos\bochs\obj-debug\crc.obj
c:\users\mediaexplorer\source\repos\bochs\obj-debug\config.obj
c:\users\mediaexplorer\source\repos\bochs\obj-debug\bxthread.obj
c:\users\mediaexplorer\source\repos\bochs\obj-debug\bochs_old.exe
c:\users\mediaexplorer\source\repos\bochs\obj-debug\bochs_old.ilk
c:\users\mediaexplorer\source\repos\bochs\obj-debug\bochs_old.pdb
c:\users\mediaexplorer\source\repos\bochs\obj-debug\win32res.res
c:\users\mediaexplorer\source\repos\bochs\obj-debug\.\..\obj-debug\bochs_old.pdb
c:\users\mediaexplorer\source\repos\bochs\obj-debug\.\..\obj-debug\bochs_old.ilk
c:\users\mediaexplorer\source\repos\bochs\obj-debug\.\..\obj-debug\bochs_old.vcxproj.filelistabsolute.txt
c:\users\mediaexplorer\source\repos\bochs\obj-debug\bochs_old.tlog\cl.command.1.tlog
c:\users\mediaexplorer\source\repos\bochs\obj-debug\bochs_old.tlog\cl.read.1.tlog
c:\users\mediaexplorer\source\repos\bochs\obj-debug\bochs_old.tlog\cl.write.1.tlog
c:\users\mediaexplorer\source\repos\bochs\obj-debug\bochs_old.tlog\link.command.1.tlog
c:\users\mediaexplorer\source\repos\bochs\obj-debug\bochs_old.tlog\link.read.1.tlog
c:\users\mediaexplorer\source\repos\bochs\obj-debug\bochs_old.tlog\link.write.1.tlog
c:\users\mediaexplorer\source\repos\bochs\obj-debug\bochs_old.tlog\rc.command.1.tlog
c:\users\mediaexplorer\source\repos\bochs\obj-debug\bochs_old.tlog\rc.read.1.tlog
c:\users\mediaexplorer\source\repos\bochs\obj-debug\bochs_old.tlog\rc.write.1.tlog
