C:\Program Files\Microsoft Visual Studio\2022\Preview\MSBuild\Current\Bin\amd64\Microsoft.Common.CurrentVersion.targets(1967,5): warning : The referenced project 'stubs.vcxproj' does not exist.
C:\Program Files\Microsoft Visual Studio\2022\Preview\MSBuild\Microsoft\VC\v170\Microsoft.CppBuild.targets(513,5): warning MSB8028: The intermediate directory (.\..\obj-debug\) contains files shared from another project (bochs.vcxproj).  This can lead to incorrect clean and rebuild behavior.
  bxthread.cc
  config.cc
c:\Users\mediaexplorer\source\repos\Bochs\bochs_old\config.cc(173,3): warning C4996: 'sprintf': This function or variable may be unsafe. Consider using sprintf_s instead. To disable deprecation, use _CRT_SECURE_NO_WARNINGS. See online help for details.
c:\Users\mediaexplorer\source\repos\Bochs\bochs_old\config.cc(227,3): warning C4996: 'sprintf': This function or variable may be unsafe. Consider using sprintf_s instead. To disable deprecation, use _CRT_SECURE_NO_WARNINGS. See online help for details.
c:\Users\mediaexplorer\source\repos\Bochs\bochs_old\config.cc(228,3): warning C4996: 'sprintf': This function or variable may be unsafe. Consider using sprintf_s instead. To disable deprecation, use _CRT_SECURE_NO_WARNINGS. See online help for details.
c:\Users\mediaexplorer\source\repos\Bochs\bochs_old\config.cc(231,3): warning C4996: 'sprintf': This function or variable may be unsafe. Consider using sprintf_s instead. To disable deprecation, use _CRT_SECURE_NO_WARNINGS. See online help for details.
c:\Users\mediaexplorer\source\repos\Bochs\bochs_old\config.cc(232,3): warning C4996: 'sprintf': This function or variable may be unsafe. Consider using sprintf_s instead. To disable deprecation, use _CRT_SECURE_NO_WARNINGS. See online help for details.
c:\Users\mediaexplorer\source\repos\Bochs\bochs_old\config.cc(236,5): warning C4996: 'sprintf': This function or variable may be unsafe. Consider using sprintf_s instead. To disable deprecation, use _CRT_SECURE_NO_WARNINGS. See online help for details.
c:\Users\mediaexplorer\source\repos\Bochs\bochs_old\config.cc(237,5): warning C4996: 'sprintf': This function or variable may be unsafe. Consider using sprintf_s instead. To disable deprecation, use _CRT_SECURE_NO_WARNINGS. See online help for details.
c:\Users\mediaexplorer\source\repos\Bochs\bochs_old\config.cc(238,5): warning C4996: 'sprintf': This function or variable may be unsafe. Consider using sprintf_s instead. To disable deprecation, use _CRT_SECURE_NO_WARNINGS. See online help for details.
c:\Users\mediaexplorer\source\repos\Bochs\bochs_old\config.cc(241,5): warning C4996: 'sprintf': This function or variable may be unsafe. Consider using sprintf_s instead. To disable deprecation, use _CRT_SECURE_NO_WARNINGS. See online help for details.
c:\Users\mediaexplorer\source\repos\Bochs\bochs_old\config.cc(248,5): warning C4996: 'sprintf': This function or variable may be unsafe. Consider using sprintf_s instead. To disable deprecation, use _CRT_SECURE_NO_WARNINGS. See online help for details.
c:\Users\mediaexplorer\source\repos\Bochs\bochs_old\config.cc(825,3): warning C4996: 'sprintf': This function or variable may be unsafe. Consider using sprintf_s instead. To disable deprecation, use _CRT_SECURE_NO_WARNINGS. See online help for details.
c:\Users\mediaexplorer\source\repos\Bochs\bochs_old\config.cc(849,3): warning C4996: 'sprintf': This function or variable may be unsafe. Consider using sprintf_s instead. To disable deprecation, use _CRT_SECURE_NO_WARNINGS. See online help for details.
c:\Users\mediaexplorer\source\repos\Bochs\bochs_old\config.cc(857,5): warning C4996: 'sprintf': This function or variable may be unsafe. Consider using sprintf_s instead. To disable deprecation, use _CRT_SECURE_NO_WARNINGS. See online help for details.
c:\Users\mediaexplorer\source\repos\Bochs\bochs_old\config.cc(858,5): warning C4996: 'sprintf': This function or variable may be unsafe. Consider using sprintf_s instead. To disable deprecation, use _CRT_SECURE_NO_WARNINGS. See online help for details.
c:\Users\mediaexplorer\source\repos\Bochs\bochs_old\config.cc(859,5): warning C4996: 'sprintf': This function or variable may be unsafe. Consider using sprintf_s instead. To disable deprecation, use _CRT_SECURE_NO_WARNINGS. See online help for details.
c:\Users\mediaexplorer\source\repos\Bochs\bochs_old\config.cc(866,5): warning C4996: 'sprintf': This function or variable may be unsafe. Consider using sprintf_s instead. To disable deprecation, use _CRT_SECURE_NO_WARNINGS. See online help for details.
c:\Users\mediaexplorer\source\repos\Bochs\bochs_old\config.cc(867,5): warning C4996: 'strcat': This function or variable may be unsafe. Consider using strcat_s instead. To disable deprecation, use _CRT_SECURE_NO_WARNINGS. See online help for details.
c:\Users\mediaexplorer\source\repos\Bochs\bochs_old\config.cc(869,5): warning C4996: 'sprintf': This function or variable may be unsafe. Consider using sprintf_s instead. To disable deprecation, use _CRT_SECURE_NO_WARNINGS. See online help for details.
c:\Users\mediaexplorer\source\repos\Bochs\bochs_old\config.cc(878,5): warning C4996: 'sprintf': This function or variable may be unsafe. Consider using sprintf_s instead. To disable deprecation, use _CRT_SECURE_NO_WARNINGS. See online help for details.
c:\Users\mediaexplorer\source\repos\Bochs\bochs_old\config.cc(879,5): warning C4996: 'strcat': This function or variable may be unsafe. Consider using strcat_s instead. To disable deprecation, use _CRT_SECURE_NO_WARNINGS. See online help for details.
c:\Users\mediaexplorer\source\repos\Bochs\bochs_old\config.cc(889,5): warning C4996: 'sprintf': This function or variable may be unsafe. Consider using sprintf_s instead. To disable deprecation, use _CRT_SECURE_NO_WARNINGS. See online help for details.
c:\Users\mediaexplorer\source\repos\Bochs\bochs_old\config.cc(890,5): warning C4996: 'sprintf': This function or variable may be unsafe. Consider using sprintf_s instead. To disable deprecation, use _CRT_SECURE_NO_WARNINGS. See online help for details.
c:\Users\mediaexplorer\source\repos\Bochs\bochs_old\config.cc(891,5): warning C4996: 'sprintf': This function or variable may be unsafe. Consider using sprintf_s instead. To disable deprecation, use _CRT_SECURE_NO_WARNINGS. See online help for details.
c:\Users\mediaexplorer\source\repos\Bochs\bochs_old\config.cc(898,5): warning C4996: 'sprintf': This function or variable may be unsafe. Consider using sprintf_s instead. To disable deprecation, use _CRT_SECURE_NO_WARNINGS. See online help for details.
c:\Users\mediaexplorer\source\repos\Bochs\bochs_old\config.cc(899,5): warning C4996: 'strcat': This function or variable may be unsafe. Consider using strcat_s instead. To disable deprecation, use _CRT_SECURE_NO_WARNINGS. See online help for details.
c:\Users\mediaexplorer\source\repos\Bochs\bochs_old\config.cc(901,5): warning C4996: 'sprintf': This function or variable may be unsafe. Consider using sprintf_s instead. To disable deprecation, use _CRT_SECURE_NO_WARNINGS. See online help for details.
c:\Users\mediaexplorer\source\repos\Bochs\bochs_old\config.cc(910,5): warning C4996: 'sprintf': This function or variable may be unsafe. Consider using sprintf_s instead. To disable deprecation, use _CRT_SECURE_NO_WARNINGS. See online help for details.
c:\Users\mediaexplorer\source\repos\Bochs\bochs_old\config.cc(911,5): warning C4996: 'strcat': This function or variable may be unsafe. Consider using strcat_s instead. To disable deprecation, use _CRT_SECURE_NO_WARNINGS. See online help for details.
c:\Users\mediaexplorer\source\repos\Bochs\bochs_old\config.cc(996,5): warning C4996: 'sprintf': This function or variable may be unsafe. Consider using sprintf_s instead. To disable deprecation, use _CRT_SECURE_NO_WARNINGS. See online help for details.
c:\Users\mediaexplorer\source\repos\Bochs\bochs_old\config.cc(997,5): warning C4996: 'sprintf': This function or variable may be unsafe. Consider using sprintf_s instead. To disable deprecation, use _CRT_SECURE_NO_WARNINGS. See online help for details.
c:\Users\mediaexplorer\source\repos\Bochs\bochs_old\config.cc(998,5): warning C4996: 'sprintf': This function or variable may be unsafe. Consider using sprintf_s instead. To disable deprecation, use _CRT_SECURE_NO_WARNINGS. See online help for details.
c:\Users\mediaexplorer\source\repos\Bochs\bochs_old\config.cc(1200,5): warning C4996: 'sprintf': This function or variable may be unsafe. Consider using sprintf_s instead. To disable deprecation, use _CRT_SECURE_NO_WARNINGS. See online help for details.
c:\Users\mediaexplorer\source\repos\Bochs\bochs_old\config.cc(1201,5): warning C4996: 'sprintf': This function or variable may be unsafe. Consider using sprintf_s instead. To disable deprecation, use _CRT_SECURE_NO_WARNINGS. See online help for details.
c:\Users\mediaexplorer\source\repos\Bochs\bochs_old\config.cc(1202,5): warning C4996: 'sprintf': This function or variable may be unsafe. Consider using sprintf_s instead. To disable deprecation, use _CRT_SECURE_NO_WARNINGS. See online help for details.
c:\Users\mediaexplorer\source\repos\Bochs\bochs_old\config.cc(1243,7): warning C4996: 'strcpy': This function or variable may be unsafe. Consider using strcpy_s instead. To disable deprecation, use _CRT_SECURE_NO_WARNINGS. See online help for details.
c:\Users\mediaexplorer\source\repos\Bochs\bochs_old\config.cc(1244,7): warning C4996: 'strcpy': This function or variable may be unsafe. Consider using strcpy_s instead. To disable deprecation, use _CRT_SECURE_NO_WARNINGS. See online help for details.
c:\Users\mediaexplorer\source\repos\Bochs\bochs_old\config.cc(1246,7): warning C4996: 'strcpy': This function or variable may be unsafe. Consider using strcpy_s instead. To disable deprecation, use _CRT_SECURE_NO_WARNINGS. See online help for details.
c:\Users\mediaexplorer\source\repos\Bochs\bochs_old\config.cc(1247,7): warning C4996: 'strcpy': This function or variable may be unsafe. Consider using strcpy_s instead. To disable deprecation, use _CRT_SECURE_NO_WARNINGS. See online help for details.
c:\Users\mediaexplorer\source\repos\Bochs\bochs_old\config.cc(1340,5): warning C4996: 'sprintf': This function or variable may be unsafe. Consider using sprintf_s instead. To disable deprecation, use _CRT_SECURE_NO_WARNINGS. See online help for details.
c:\Users\mediaexplorer\source\repos\Bochs\bochs_old\config.cc(1841,13): warning C4996: 'strcpy': This function or variable may be unsafe. Consider using strcpy_s instead. To disable deprecation, use _CRT_SECURE_NO_WARNINGS. See online help for details.
c:\Users\mediaexplorer\source\repos\Bochs\bochs_old\config.cc(1842,13): warning C4996: 'strcpy': This function or variable may be unsafe. Consider using strcpy_s instead. To disable deprecation, use _CRT_SECURE_NO_WARNINGS. See online help for details.
c:\Users\mediaexplorer\source\repos\Bochs\bochs_old\config.cc(1843,13): warning C4996: 'strcpy': This function or variable may be unsafe. Consider using strcpy_s instead. To disable deprecation, use _CRT_SECURE_NO_WARNINGS. See online help for details.
c:\Users\mediaexplorer\source\repos\Bochs\bochs_old\config.cc(1845,13): warning C4996: 'strcpy': This function or variable may be unsafe. Consider using strcpy_s instead. To disable deprecation, use _CRT_SECURE_NO_WARNINGS. See online help for details.
c:\Users\mediaexplorer\source\repos\Bochs\bochs_old\config.cc(1861,12): warning C4996: 'fopen': This function or variable may be unsafe. Consider using fopen_s instead. To disable deprecation, use _CRT_SECURE_NO_WARNINGS. See online help for details.
c:\Users\mediaexplorer\source\repos\Bochs\bochs_old\config.cc(1882,8): warning C4996: 'fopen': This function or variable may be unsafe. Consider using fopen_s instead. To disable deprecation, use _CRT_SECURE_NO_WARNINGS. See online help for details.
c:\Users\mediaexplorer\source\repos\Bochs\bochs_old\config.cc(1893,7): warning C4996: 'sprintf': This function or variable may be unsafe. Consider using sprintf_s instead. To disable deprecation, use _CRT_SECURE_NO_WARNINGS. See online help for details.
c:\Users\mediaexplorer\source\repos\Bochs\bochs_old\config.cc(1969,11): warning C4996: 'strtok': This function or variable may be unsafe. Consider using strtok_s instead. To disable deprecation, use _CRT_SECURE_NO_WARNINGS. See online help for details.
c:\Users\mediaexplorer\source\repos\Bochs\bochs_old\config.cc(1971,11): warning C4996: 'strtok': This function or variable may be unsafe. Consider using strtok_s instead. To disable deprecation, use _CRT_SECURE_NO_WARNINGS. See online help for details.
c:\Users\mediaexplorer\source\repos\Bochs\bochs_old\config.cc(1997,46): warning C4996: 'getenv': This function or variable may be unsafe. Consider using _dupenv_s instead. To disable deprecation, use _CRT_SECURE_NO_WARNINGS. See online help for details.
c:\Users\mediaexplorer\source\repos\Bochs\bochs_old\config.cc(2042,11): warning C4996: 'strtok': This function or variable may be unsafe. Consider using strtok_s instead. To disable deprecation, use _CRT_SECURE_NO_WARNINGS. See online help for details.
c:\Users\mediaexplorer\source\repos\Bochs\bochs_old\config.cc(2123,14): warning C4996: 'strtok': This function or variable may be unsafe. Consider using strtok_s instead. To disable deprecation, use _CRT_SECURE_NO_WARNINGS. See online help for details.
c:\Users\mediaexplorer\source\repos\Bochs\bochs_old\config.cc(2124,14): warning C4996: 'strtok': This function or variable may be unsafe. Consider using strtok_s instead. To disable deprecation, use _CRT_SECURE_NO_WARNINGS. See online help for details.
c:\Users\mediaexplorer\source\repos\Bochs\bochs_old\config.cc(2142,9): warning C4996: 'sprintf': This function or variable may be unsafe. Consider using sprintf_s instead. To disable deprecation, use _CRT_SECURE_NO_WARNINGS. See online help for details.
c:\Users\mediaexplorer\source\repos\Bochs\bochs_old\config.cc(2216,14): warning C4996: 'strtok': This function or variable may be unsafe. Consider using strtok_s instead. To disable deprecation, use _CRT_SECURE_NO_WARNINGS. See online help for details.
c:\Users\mediaexplorer\source\repos\Bochs\bochs_old\config.cc(2217,11): warning C4996: 'strtok': This function or variable may be unsafe. Consider using strtok_s instead. To disable deprecation, use _CRT_SECURE_NO_WARNINGS. See online help for details.
c:\Users\mediaexplorer\source\repos\Bochs\bochs_old\config.cc(2276,3): warning C4996: 'sprintf': This function or variable may be unsafe. Consider using sprintf_s instead. To disable deprecation, use _CRT_SECURE_NO_WARNINGS. See online help for details.
c:\Users\mediaexplorer\source\repos\Bochs\bochs_old\config.cc(2282,13): warning C4996: 'strtok': This function or variable may be unsafe. Consider using strtok_s instead. To disable deprecation, use _CRT_SECURE_NO_WARNINGS. See online help for details.
c:\Users\mediaexplorer\source\repos\Bochs\bochs_old\config.cc(2283,13): warning C4996: 'strtok': This function or variable may be unsafe. Consider using strtok_s instead. To disable deprecation, use _CRT_SECURE_NO_WARNINGS. See online help for details.
c:\Users\mediaexplorer\source\repos\Bochs\bochs_old\config.cc(2295,11): warning C4996: 'sprintf': This function or variable may be unsafe. Consider using sprintf_s instead. To disable deprecation, use _CRT_SECURE_NO_WARNINGS. See online help for details.
c:\Users\mediaexplorer\source\repos\Bochs\bochs_old\config.cc(2298,13): warning C4996: 'sprintf': This function or variable may be unsafe. Consider using sprintf_s instead. To disable deprecation, use _CRT_SECURE_NO_WARNINGS. See online help for details.
c:\Users\mediaexplorer\source\repos\Bochs\bochs_old\config.cc(2300,13): warning C4996: 'sprintf': This function or variable may be unsafe. Consider using sprintf_s instead. To disable deprecation, use _CRT_SECURE_NO_WARNINGS. See online help for details.
c:\Users\mediaexplorer\source\repos\Bochs\bochs_old\config.cc(2311,7): warning C4996: 'sprintf': This function or variable may be unsafe. Consider using sprintf_s instead. To disable deprecation, use _CRT_SECURE_NO_WARNINGS. See online help for details.
c:\Users\mediaexplorer\source\repos\Bochs\bochs_old\config.cc(2314,7): warning C4996: 'strcpy': This function or variable may be unsafe. Consider using strcpy_s instead. To disable deprecation, use _CRT_SECURE_NO_WARNINGS. See online help for details.
c:\Users\mediaexplorer\source\repos\Bochs\bochs_old\config.cc(2356,3): warning C4996: 'strcpy': This function or variable may be unsafe. Consider using strcpy_s instead. To disable deprecation, use _CRT_SECURE_NO_WARNINGS. See online help for details.
c:\Users\mediaexplorer\source\repos\Bochs\bochs_old\config.cc(2357,9): warning C4996: 'strtok': This function or variable may be unsafe. Consider using strtok_s instead. To disable deprecation, use _CRT_SECURE_NO_WARNINGS. See online help for details.
c:\Users\mediaexplorer\source\repos\Bochs\bochs_old\config.cc(2361,7): warning C4996: 'strcpy': This function or variable may be unsafe. Consider using strcpy_s instead. To disable deprecation, use _CRT_SECURE_NO_WARNINGS. See online help for details.
c:\Users\mediaexplorer\source\repos\Bochs\bochs_old\config.cc(2376,11): warning C4996: 'strtok': This function or variable may be unsafe. Consider using strtok_s instead. To disable deprecation, use _CRT_SECURE_NO_WARNINGS. See online help for details.
c:\Users\mediaexplorer\source\repos\Bochs\bochs_old\config.cc(2439,15): warning C4996: 'strtok': This function or variable may be unsafe. Consider using strtok_s instead. To disable deprecation, use _CRT_SECURE_NO_WARNINGS. See online help for details.
c:\Users\mediaexplorer\source\repos\Bochs\bochs_old\config.cc(2440,13): warning C4996: 'strtok': This function or variable may be unsafe. Consider using strtok_s instead. To disable deprecation, use _CRT_SECURE_NO_WARNINGS. See online help for details.
c:\Users\mediaexplorer\source\repos\Bochs\bochs_old\config.cc(2598,5): warning C4996: 'sprintf': This function or variable may be unsafe. Consider using sprintf_s instead. To disable deprecation, use _CRT_SECURE_NO_WARNINGS. See online help for details.
c:\Users\mediaexplorer\source\repos\Bochs\bochs_old\config.cc(2624,5): warning C4996: 'sprintf': This function or variable may be unsafe. Consider using sprintf_s instead. To disable deprecation, use _CRT_SECURE_NO_WARNINGS. See online help for details.
c:\Users\mediaexplorer\source\repos\Bochs\bochs_old\config.cc(2670,7): warning C4996: 'sprintf': This function or variable may be unsafe. Consider using sprintf_s instead. To disable deprecation, use _CRT_SECURE_NO_WARNINGS. See online help for details.
c:\Users\mediaexplorer\source\repos\Bochs\bochs_old\config.cc(2758,9): warning C4996: 'sscanf': This function or variable may be unsafe. Consider using sscanf_s instead. To disable deprecation, use _CRT_SECURE_NO_WARNINGS. See online help for details.
c:\Users\mediaexplorer\source\repos\Bochs\bochs_old\config.cc(2838,5): warning C4996: 'sprintf': This function or variable may be unsafe. Consider using sprintf_s instead. To disable deprecation, use _CRT_SECURE_NO_WARNINGS. See online help for details.
c:\Users\mediaexplorer\source\repos\Bochs\bochs_old\config.cc(2861,5): warning C4996: 'sprintf': This function or variable may be unsafe. Consider using sprintf_s instead. To disable deprecation, use _CRT_SECURE_NO_WARNINGS. See online help for details.
c:\Users\mediaexplorer\source\repos\Bochs\bochs_old\config.cc(2968,11): warning C4996: 'sprintf': This function or variable may be unsafe. Consider using sprintf_s instead. To disable deprecation, use _CRT_SECURE_NO_WARNINGS. See online help for details.
c:\Users\mediaexplorer\source\repos\Bochs\bochs_old\config.cc(3028,15): warning C4996: 'sscanf': This function or variable may be unsafe. Consider using sscanf_s instead. To disable deprecation, use _CRT_SECURE_NO_WARNINGS. See online help for details.
c:\Users\mediaexplorer\source\repos\Bochs\bochs_old\config.cc(3195,9): warning C4996: 'sprintf': This function or variable may be unsafe. Consider using sprintf_s instead. To disable deprecation, use _CRT_SECURE_NO_WARNINGS. See online help for details.
c:\Users\mediaexplorer\source\repos\Bochs\bochs_old\config.cc(3197,9): warning C4996: 'sprintf': This function or variable may be unsafe. Consider using sprintf_s instead. To disable deprecation, use _CRT_SECURE_NO_WARNINGS. See online help for details.
c:\Users\mediaexplorer\source\repos\Bochs\bochs_old\config.cc(3199,9): warning C4996: 'sprintf': This function or variable may be unsafe. Consider using sprintf_s instead. To disable deprecation, use _CRT_SECURE_NO_WARNINGS. See online help for details.
c:\Users\mediaexplorer\source\repos\Bochs\bochs_old\config.cc(3207,9): warning C4996: 'strcat': This function or variable may be unsafe. Consider using strcat_s instead. To disable deprecation, use _CRT_SECURE_NO_WARNINGS. See online help for details.
c:\Users\mediaexplorer\source\repos\Bochs\bochs_old\config.cc(3209,7): warning C4996: 'sprintf': This function or variable may be unsafe. Consider using sprintf_s instead. To disable deprecation, use _CRT_SECURE_NO_WARNINGS. See online help for details.
c:\Users\mediaexplorer\source\repos\Bochs\bochs_old\config.cc(3210,7): warning C4996: 'strcat': This function or variable may be unsafe. Consider using strcat_s instead. To disable deprecation, use _CRT_SECURE_NO_WARNINGS. See online help for details.
c:\Users\mediaexplorer\source\repos\Bochs\bochs_old\config.cc(3223,7): warning C4996: 'strcat': This function or variable may be unsafe. Consider using strcat_s instead. To disable deprecation, use _CRT_SECURE_NO_WARNINGS. See online help for details.
c:\Users\mediaexplorer\source\repos\Bochs\bochs_old\config.cc(3244,3): warning C4996: 'sprintf': This function or variable may be unsafe. Consider using sprintf_s instead. To disable deprecation, use _CRT_SECURE_NO_WARNINGS. See online help for details.
c:\Users\mediaexplorer\source\repos\Bochs\bochs_old\config.cc(3245,3): warning C4996: 'sprintf': This function or variable may be unsafe. Consider using sprintf_s instead. To disable deprecation, use _CRT_SECURE_NO_WARNINGS. See online help for details.
c:\Users\mediaexplorer\source\repos\Bochs\bochs_old\config.cc(3246,3): warning C4996: 'sprintf': This function or variable may be unsafe. Consider using sprintf_s instead. To disable deprecation, use _CRT_SECURE_NO_WARNINGS. See online help for details.
c:\Users\mediaexplorer\source\repos\Bochs\bochs_old\config.cc(3247,3): warning C4996: 'sprintf': This function or variable may be unsafe. Consider using sprintf_s instead. To disable deprecation, use _CRT_SECURE_NO_WARNINGS. See online help for details.
c:\Users\mediaexplorer\source\repos\Bochs\bochs_old\config.cc(3248,3): warning C4996: 'sprintf': This function or variable may be unsafe. Consider using sprintf_s instead. To disable deprecation, use _CRT_SECURE_NO_WARNINGS. See online help for details.
c:\Users\mediaexplorer\source\repos\Bochs\bochs_old\config.cc(3288,7): warning C4996: 'sprintf': This function or variable may be unsafe. Consider using sprintf_s instead. To disable deprecation, use _CRT_SECURE_NO_WARNINGS. See online help for details.
c:\Users\mediaexplorer\source\repos\Bochs\bochs_old\config.cc(3291,7): warning C4996: 'sprintf': This function or variable may be unsafe. Consider using sprintf_s instead. To disable deprecation, use _CRT_SECURE_NO_WARNINGS. See online help for details.
c:\Users\mediaexplorer\source\repos\Bochs\bochs_old\config.cc(3338,3): warning C4996: 'strcpy': This function or variable may be unsafe. Consider using strcpy_s instead. To disable deprecation, use _CRT_SECURE_NO_WARNINGS. See online help for details.
c:\Users\mediaexplorer\source\repos\Bochs\bochs_old\config.cc(3397,14): warning C4996: 'fopen': This function or variable may be unsafe. Consider using fopen_s instead. To disable deprecation, use _CRT_SECURE_NO_WARNINGS. See online help for details.
c:\Users\mediaexplorer\source\repos\Bochs\bochs_old\config.cc(3402,8): warning C4996: 'fopen': This function or variable may be unsafe. Consider using fopen_s instead. To disable deprecation, use _CRT_SECURE_NO_WARNINGS. See online help for details.
c:\Users\mediaexplorer\source\repos\Bochs\bochs_old\config.cc(3421,5): warning C4996: 'sprintf': This function or variable may be unsafe. Consider using sprintf_s instead. To disable deprecation, use _CRT_SECURE_NO_WARNINGS. See online help for details.
c:\Users\mediaexplorer\source\repos\Bochs\bochs_old\config.cc(3433,5): warning C4996: 'sprintf': This function or variable may be unsafe. Consider using sprintf_s instead. To disable deprecation, use _CRT_SECURE_NO_WARNINGS. See online help for details.
c:\Users\mediaexplorer\source\repos\Bochs\bochs_old\config.cc(3435,5): warning C4996: 'sprintf': This function or variable may be unsafe. Consider using sprintf_s instead. To disable deprecation, use _CRT_SECURE_NO_WARNINGS. See online help for details.
c:\Users\mediaexplorer\source\repos\Bochs\bochs_old\config.cc(3437,5): warning C4996: 'sprintf': This function or variable may be unsafe. Consider using sprintf_s instead. To disable deprecation, use _CRT_SECURE_NO_WARNINGS. See online help for details.
c:\Users\mediaexplorer\source\repos\Bochs\bochs_old\config.cc(3439,5): warning C4996: 'sprintf': This function or variable may be unsafe. Consider using sprintf_s instead. To disable deprecation, use _CRT_SECURE_NO_WARNINGS. See online help for details.
c:\Users\mediaexplorer\source\repos\Bochs\bochs_old\config.cc(3443,5): warning C4996: 'sprintf': This function or variable may be unsafe. Consider using sprintf_s instead. To disable deprecation, use _CRT_SECURE_NO_WARNINGS. See online help for details.
c:\Users\mediaexplorer\source\repos\Bochs\bochs_old\config.cc(3444,5): warning C4996: 'sprintf': This function or variable may be unsafe. Consider using sprintf_s instead. To disable deprecation, use _CRT_SECURE_NO_WARNINGS. See online help for details.
c:\Users\mediaexplorer\source\repos\Bochs\bochs_old\config.cc(3448,5): warning C4996: 'sprintf': This function or variable may be unsafe. Consider using sprintf_s instead. To disable deprecation, use _CRT_SECURE_NO_WARNINGS. See online help for details.
c:\Users\mediaexplorer\source\repos\Bochs\bochs_old\config.cc(3449,5): warning C4996: 'sprintf': This function or variable may be unsafe. Consider using sprintf_s instead. To disable deprecation, use _CRT_SECURE_NO_WARNINGS. See online help for details.
c:\Users\mediaexplorer\source\repos\Bochs\bochs_old\config.cc(3458,7): warning C4996: 'sprintf': This function or variable may be unsafe. Consider using sprintf_s instead. To disable deprecation, use _CRT_SECURE_NO_WARNINGS. See online help for details.
  logio.cc
c:\Users\mediaexplorer\source\repos\Bochs\bochs_old\logio.cc(91,3): warning C4996: 'strcpy': This function or variable may be unsafe. Consider using strcpy_s instead. To disable deprecation, use _CRT_SECURE_NO_WARNINGS. See online help for details.
c:\Users\mediaexplorer\source\repos\Bochs\bochs_old\logio.cc(134,13): warning C4996: 'fopen': This function or variable may be unsafe. Consider using fopen_s instead. To disable deprecation, use _CRT_SECURE_NO_WARNINGS. See online help for details.
c:\Users\mediaexplorer\source\repos\Bochs\bochs_old\logio.cc(192,3): warning C4996: 'strcpy': This function or variable may be unsafe. Consider using strcpy_s instead. To disable deprecation, use _CRT_SECURE_NO_WARNINGS. See online help for details.
c:\Users\mediaexplorer\source\repos\Bochs\bochs_old\logio.cc(227,13): warning C4996: 'sprintf': This function or variable may be unsafe. Consider using sprintf_s instead. To disable deprecation, use _CRT_SECURE_NO_WARNINGS. See online help for details.
c:\Users\mediaexplorer\source\repos\Bochs\bochs_old\logio.cc(230,13): warning C4996: 'sprintf': This function or variable may be unsafe. Consider using sprintf_s instead. To disable deprecation, use _CRT_SECURE_NO_WARNINGS. See online help for details.
c:\Users\mediaexplorer\source\repos\Bochs\bochs_old\logio.cc(234,13): warning C4996: 'sprintf': This function or variable may be unsafe. Consider using sprintf_s instead. To disable deprecation, use _CRT_SECURE_NO_WARNINGS. See online help for details.
c:\Users\mediaexplorer\source\repos\Bochs\bochs_old\logio.cc(238,13): warning C4996: 'sprintf': This function or variable may be unsafe. Consider using sprintf_s instead. To disable deprecation, use _CRT_SECURE_NO_WARNINGS. See online help for details.
c:\Users\mediaexplorer\source\repos\Bochs\bochs_old\logio.cc(241,13): warning C4996: 'sprintf': This function or variable may be unsafe. Consider using sprintf_s instead. To disable deprecation, use _CRT_SECURE_NO_WARNINGS. See online help for details.
c:\Users\mediaexplorer\source\repos\Bochs\bochs_old\logio.cc(244,13): warning C4996: 'sprintf': This function or variable may be unsafe. Consider using sprintf_s instead. To disable deprecation, use _CRT_SECURE_NO_WARNINGS. See online help for details.
c:\Users\mediaexplorer\source\repos\Bochs\bochs_old\logio.cc(248,9): warning C4996: 'sprintf': This function or variable may be unsafe. Consider using sprintf_s instead. To disable deprecation, use _CRT_SECURE_NO_WARNINGS. See online help for details.
c:\Users\mediaexplorer\source\repos\Bochs\bochs_old\logio.cc(250,5): warning C4996: 'strcat': This function or variable may be unsafe. Consider using strcat_s instead. To disable deprecation, use _CRT_SECURE_NO_WARNINGS. See online help for details.
c:\Users\mediaexplorer\source\repos\Bochs\bochs_old\logio.cc(259,3): warning C4996: '_vsnprintf': This function or variable may be unsafe. Consider using _vsnprintf_s instead. To disable deprecation, use _CRT_SECURE_NO_WARNINGS. See online help for details.
c:\Users\mediaexplorer\source\repos\Bochs\bochs_old\logio.cc(495,3): warning C4996: '_vsnprintf': This function or variable may be unsafe. Consider using _vsnprintf_s instead. To disable deprecation, use _CRT_SECURE_NO_WARNINGS. See online help for details.
c:\Users\mediaexplorer\source\repos\Bochs\bochs_old\logio.cc(529,3): warning C4996: '_vsnprintf': This function or variable may be unsafe. Consider using _vsnprintf_s instead. To disable deprecation, use _CRT_SECURE_NO_WARNINGS. See online help for details.
c:\Users\mediaexplorer\source\repos\Bochs\bochs_old\logio.cc(651,3): warning C4996: '_vsnprintf': This function or variable may be unsafe. Consider using _vsnprintf_s instead. To disable deprecation, use _CRT_SECURE_NO_WARNINGS. See online help for details.
c:\Users\mediaexplorer\source\repos\Bochs\bochs_old\logio.cc(658,5): warning C4996: 'sprintf': This function or variable may be unsafe. Consider using sprintf_s instead. To disable deprecation, use _CRT_SECURE_NO_WARNINGS. See online help for details.
  main.cc
c:\Users\mediaexplorer\source\repos\Bochs\bochs_old\main.cc(119,3): warning C4996: 'sprintf': This function or variable may be unsafe. Consider using sprintf_s instead. To disable deprecation, use _CRT_SECURE_NO_WARNINGS. See online help for details.
c:\Users\mediaexplorer\source\repos\Bochs\bochs_old\main.cc(129,3): warning C4996: 'sprintf': This function or variable may be unsafe. Consider using sprintf_s instead. To disable deprecation, use _CRT_SECURE_NO_WARNINGS. See online help for details.
c:\Users\mediaexplorer\source\repos\Bochs\bochs_old\main.cc(132,5): warning C4996: 'sprintf': This function or variable may be unsafe. Consider using sprintf_s instead. To disable deprecation, use _CRT_SECURE_NO_WARNINGS. See online help for details.
c:\Users\mediaexplorer\source\repos\Bochs\bochs_old\main.cc(1341,5): warning C4996: 'sprintf': This function or variable may be unsafe. Consider using sprintf_s instead. To disable deprecation, use _CRT_SECURE_NO_WARNINGS. See online help for details.
c:\Users\mediaexplorer\source\repos\Bochs\bochs_old\main.cc(1350,5): warning C4996: 'sprintf': This function or variable may be unsafe. Consider using sprintf_s instead. To disable deprecation, use _CRT_SECURE_NO_WARNINGS. See online help for details.
  osdep.cc
c:\Users\mediaexplorer\source\repos\Bochs\bochs_old\osdep.cc(242,3): warning C4996: '_mktemp': This function or variable may be unsafe. Consider using _mktemp_s instead. To disable deprecation, use _CRT_SECURE_NO_WARNINGS. See online help for details.
c:\Users\mediaexplorer\source\repos\Bochs\bochs_old\osdep.cc(243,12): warning C4996: '_open': This function or variable may be unsafe. Consider using _sopen_s instead. To disable deprecation, use _CRT_SECURE_NO_WARNINGS. See online help for details.
  pc_system.cc
c:\Users\mediaexplorer\source\repos\Bochs\bochs_old\pc_system.cc(237,5): warning C4996: 'sprintf': This function or variable may be unsafe. Consider using sprintf_s instead. To disable deprecation, use _CRT_SECURE_NO_WARNINGS. See online help for details.
c:\Users\mediaexplorer\source\repos\Bochs\bochs_old\pc_system.cc(298,3): warning C4996: 'strncpy': This function or variable may be unsafe. Consider using strncpy_s instead. To disable deprecation, use _CRT_SECURE_NO_WARNINGS. See online help for details.
  plugin.cc
  Generating Code...
  bochs_old.vcxproj -> c:\Users\mediaexplorer\source\repos\Bochs\obj-debug\bochs_old.exe
