  scsi_device.cc
c:\Users\mediaexplorer\source\repos\Bochs\iodev\usb\scsi_device.cc(55,5): warning C4996: 'strcpy': This function or variable may be unsafe. Consider using strcpy_s instead. To disable deprecation, use _CRT_SECURE_NO_WARNINGS. See online help for details.
c:\Users\mediaexplorer\source\repos\Bochs\iodev\usb\scsi_device.cc(60,3): warning C4996: 'sprintf': This function or variable may be unsafe. Consider using sprintf_s instead. To disable deprecation, use _CRT_SECURE_NO_WARNINGS. See online help for details.
c:\Users\mediaexplorer\source\repos\Bochs\iodev\usb\scsi_device.cc(72,7): warning C4996: 'strcpy': This function or variable may be unsafe. Consider using strcpy_s instead. To disable deprecation, use _CRT_SECURE_NO_WARNINGS. See online help for details.
c:\Users\mediaexplorer\source\repos\Bochs\iodev\usb\scsi_device.cc(74,5): warning C4996: 'sprintf': This function or variable may be unsafe. Consider using sprintf_s instead. To disable deprecation, use _CRT_SECURE_NO_WARNINGS. See online help for details.
c:\Users\mediaexplorer\source\repos\Bochs\iodev\usb\scsi_device.cc(95,3): warning C4996: 'sprintf': This function or variable may be unsafe. Consider using sprintf_s instead. To disable deprecation, use _CRT_SECURE_NO_WARNINGS. See online help for details.
c:\Users\mediaexplorer\source\repos\Bochs\iodev\usb\scsi_device.cc(119,3): warning C4996: 'sprintf': This function or variable may be unsafe. Consider using sprintf_s instead. To disable deprecation, use _CRT_SECURE_NO_WARNINGS. See online help for details.
c:\Users\mediaexplorer\source\repos\Bochs\iodev\usb\scsi_device.cc(233,10): warning C4996: 'fopen': This function or variable may be unsafe. Consider using fopen_s instead. To disable deprecation, use _CRT_SECURE_NO_WARNINGS. See online help for details.
c:\Users\mediaexplorer\source\repos\Bochs\iodev\usb\scsi_device.cc(249,11): warning C4996: 'sprintf': This function or variable may be unsafe. Consider using sprintf_s instead. To disable deprecation, use _CRT_SECURE_NO_WARNINGS. See online help for details.
c:\Users\mediaexplorer\source\repos\Bochs\iodev\usb\scsi_device.cc(250,17): warning C4996: 'fopen': This function or variable may be unsafe. Consider using fopen_s instead. To disable deprecation, use _CRT_SECURE_NO_WARNINGS. See online help for details.
c:\Users\mediaexplorer\source\repos\Bochs\iodev\usb\scsi_device.cc(280,8): warning C4996: 'fopen': This function or variable may be unsafe. Consider using fopen_s instead. To disable deprecation, use _CRT_SECURE_NO_WARNINGS. See online help for details.
c:\Users\mediaexplorer\source\repos\Bochs\iodev\usb\scsi_device.cc(290,15): warning C4996: 'strtok': This function or variable may be unsafe. Consider using strtok_s instead. To disable deprecation, use _CRT_SECURE_NO_WARNINGS. See online help for details.
c:\Users\mediaexplorer\source\repos\Bochs\iodev\usb\scsi_device.cc(296,19): warning C4996: 'sprintf': This function or variable may be unsafe. Consider using sprintf_s instead. To disable deprecation, use _CRT_SECURE_NO_WARNINGS. See online help for details.
c:\Users\mediaexplorer\source\repos\Bochs\iodev\usb\scsi_device.cc(297,25): warning C4996: 'fopen': This function or variable may be unsafe. Consider using fopen_s instead. To disable deprecation, use _CRT_SECURE_NO_WARNINGS. See online help for details.
c:\Users\mediaexplorer\source\repos\Bochs\iodev\usb\scsi_device.cc(312,15): warning C4996: 'strcpy': This function or variable may be unsafe. Consider using strcpy_s instead. To disable deprecation, use _CRT_SECURE_NO_WARNINGS. See online help for details.
c:\Users\mediaexplorer\source\repos\Bochs\iodev\usb\scsi_device.cc(355,17): warning C4996: 'strtok': This function or variable may be unsafe. Consider using strtok_s instead. To disable deprecation, use _CRT_SECURE_NO_WARNINGS. See online help for details.
  uhci_core.cc
c:\Users\mediaexplorer\source\repos\Bochs\iodev\usb\uhci_core.cc(205,5): warning C4996: 'sprintf': This function or variable may be unsafe. Consider using sprintf_s instead. To disable deprecation, use _CRT_SECURE_NO_WARNINGS. See online help for details.
  usb_floppy.cc
c:\Users\mediaexplorer\source\repos\Bochs\iodev\usb\usb_floppy.cc(325,3): warning C4996: 'strcpy': This function or variable may be unsafe. Consider using strcpy_s instead. To disable deprecation, use _CRT_SECURE_NO_WARNINGS. See online help for details.
c:\Users\mediaexplorer\source\repos\Bochs\iodev\usb\usb_floppy.cc(337,3): warning C4996: 'sprintf': This function or variable may be unsafe. Consider using sprintf_s instead. To disable deprecation, use _CRT_SECURE_NO_WARNINGS. See online help for details.
c:\Users\mediaexplorer\source\repos\Bochs\iodev\usb\usb_floppy.cc(338,3): warning C4996: 'sprintf': This function or variable may be unsafe. Consider using sprintf_s instead. To disable deprecation, use _CRT_SECURE_NO_WARNINGS. See online help for details.
c:\Users\mediaexplorer\source\repos\Bochs\iodev\usb\usb_floppy.cc(398,5): warning C4996: 'strcpy': This function or variable may be unsafe. Consider using strcpy_s instead. To disable deprecation, use _CRT_SECURE_NO_WARNINGS. See online help for details.
c:\Users\mediaexplorer\source\repos\Bochs\iodev\usb\usb_floppy.cc(399,12): warning C4996: 'strtok': This function or variable may be unsafe. Consider using strtok_s instead. To disable deprecation, use _CRT_SECURE_NO_WARNINGS. See online help for details.
c:\Users\mediaexplorer\source\repos\Bochs\iodev\usb\usb_floppy.cc(400,12): warning C4996: 'strtok': This function or variable may be unsafe. Consider using strtok_s instead. To disable deprecation, use _CRT_SECURE_NO_WARNINGS. See online help for details.
c:\Users\mediaexplorer\source\repos\Bochs\iodev\usb\usb_floppy.cc(448,5): warning C4996: 'sprintf': This function or variable may be unsafe. Consider using sprintf_s instead. To disable deprecation, use _CRT_SECURE_NO_WARNINGS. See online help for details.
c:\Users\mediaexplorer\source\repos\Bochs\iodev\usb\usb_floppy.cc(450,5): warning C4996: 'sprintf': This function or variable may be unsafe. Consider using sprintf_s instead. To disable deprecation, use _CRT_SECURE_NO_WARNINGS. See online help for details.
  usb_common.cc
c:\Users\mediaexplorer\source\repos\Bochs\iodev\usb\usb_common.cc(118,5): warning C4996: 'strcat': This function or variable may be unsafe. Consider using strcat_s instead. To disable deprecation, use _CRT_SECURE_NO_WARNINGS. See online help for details.
c:\Users\mediaexplorer\source\repos\Bochs\iodev\usb\usb_common.cc(119,5): warning C4996: 'strcat': This function or variable may be unsafe. Consider using strcat_s instead. To disable deprecation, use _CRT_SECURE_NO_WARNINGS. See online help for details.
c:\Users\mediaexplorer\source\repos\Bochs\iodev\usb\usb_common.cc(582,7): warning C4996: 'sprintf': This function or variable may be unsafe. Consider using sprintf_s instead. To disable deprecation, use _CRT_SECURE_NO_WARNINGS. See online help for details.
c:\Users\mediaexplorer\source\repos\Bochs\iodev\usb\usb_common.cc(583,7): warning C4996: 'strcat': This function or variable may be unsafe. Consider using strcat_s instead. To disable deprecation, use _CRT_SECURE_NO_WARNINGS. See online help for details.
  usb_ehci.cc
c:\Users\mediaexplorer\source\repos\Bochs\iodev\usb\usb_ehci.cc(208,5): warning C4996: 'sprintf': This function or variable may be unsafe. Consider using sprintf_s instead. To disable deprecation, use _CRT_SECURE_NO_WARNINGS. See online help for details.
c:\Users\mediaexplorer\source\repos\Bochs\iodev\usb\usb_ehci.cc(210,5): warning C4996: 'sprintf': This function or variable may be unsafe. Consider using sprintf_s instead. To disable deprecation, use _CRT_SECURE_NO_WARNINGS. See online help for details.
c:\Users\mediaexplorer\source\repos\Bochs\iodev\usb\usb_ehci.cc(259,5): warning C4996: 'sprintf': This function or variable may be unsafe. Consider using sprintf_s instead. To disable deprecation, use _CRT_SECURE_NO_WARNINGS. See online help for details.
c:\Users\mediaexplorer\source\repos\Bochs\iodev\usb\usb_ehci.cc(260,5): warning C4996: 'sprintf': This function or variable may be unsafe. Consider using sprintf_s instead. To disable deprecation, use _CRT_SECURE_NO_WARNINGS. See online help for details.
c:\Users\mediaexplorer\source\repos\Bochs\iodev\usb\usb_ehci.cc(279,5): warning C4996: 'sprintf': This function or variable may be unsafe. Consider using sprintf_s instead. To disable deprecation, use _CRT_SECURE_NO_WARNINGS. See online help for details.
c:\Users\mediaexplorer\source\repos\Bochs\iodev\usb\usb_ehci.cc(405,5): warning C4996: 'sprintf': This function or variable may be unsafe. Consider using sprintf_s instead. To disable deprecation, use _CRT_SECURE_NO_WARNINGS. See online help for details.
c:\Users\mediaexplorer\source\repos\Bochs\iodev\usb\usb_ehci.cc(428,5): warning C4996: 'sprintf': This function or variable may be unsafe. Consider using sprintf_s instead. To disable deprecation, use _CRT_SECURE_NO_WARNINGS. See online help for details.
c:\Users\mediaexplorer\source\repos\Bochs\iodev\usb\usb_ehci.cc(478,7): warning C4996: 'sprintf': This function or variable may be unsafe. Consider using sprintf_s instead. To disable deprecation, use _CRT_SECURE_NO_WARNINGS. See online help for details.
c:\Users\mediaexplorer\source\repos\Bochs\iodev\usb\usb_ehci.cc(527,7): warning C4996: 'sprintf': This function or variable may be unsafe. Consider using sprintf_s instead. To disable deprecation, use _CRT_SECURE_NO_WARNINGS. See online help for details.
c:\Users\mediaexplorer\source\repos\Bochs\iodev\usb\usb_ehci.cc(2235,9): warning C4996: 'sprintf': This function or variable may be unsafe. Consider using sprintf_s instead. To disable deprecation, use _CRT_SECURE_NO_WARNINGS. See online help for details.
  usb_hid.cc
c:\Users\mediaexplorer\source\repos\Bochs\iodev\usb\usb_hid.cc(706,5): warning C4996: 'strcpy': This function or variable may be unsafe. Consider using strcpy_s instead. To disable deprecation, use _CRT_SECURE_NO_WARNINGS. See online help for details.
c:\Users\mediaexplorer\source\repos\Bochs\iodev\usb\usb_hid.cc(709,5): warning C4996: 'strcpy': This function or variable may be unsafe. Consider using strcpy_s instead. To disable deprecation, use _CRT_SECURE_NO_WARNINGS. See online help for details.
c:\Users\mediaexplorer\source\repos\Bochs\iodev\usb\usb_hid.cc(715,7): warning C4996: 'strcpy': This function or variable may be unsafe. Consider using strcpy_s instead. To disable deprecation, use _CRT_SECURE_NO_WARNINGS. See online help for details.
c:\Users\mediaexplorer\source\repos\Bochs\iodev\usb\usb_hid.cc(717,7): warning C4996: 'strcpy': This function or variable may be unsafe. Consider using strcpy_s instead. To disable deprecation, use _CRT_SECURE_NO_WARNINGS. See online help for details.
c:\Users\mediaexplorer\source\repos\Bochs\iodev\usb\usb_hid.cc(820,7): warning C4996: 'sprintf': This function or variable may be unsafe. Consider using sprintf_s instead. To disable deprecation, use _CRT_SECURE_NO_WARNINGS. See online help for details.
  usb_hub.cc
c:\Users\mediaexplorer\source\repos\Bochs\iodev\usb\usb_hub.cc(200,3): warning C4996: 'strcpy': This function or variable may be unsafe. Consider using strcpy_s instead. To disable deprecation, use _CRT_SECURE_NO_WARNINGS. See online help for details.
c:\Users\mediaexplorer\source\repos\Bochs\iodev\usb\usb_hub.cc(208,3): warning C4996: 'sprintf': This function or variable may be unsafe. Consider using sprintf_s instead. To disable deprecation, use _CRT_SECURE_NO_WARNINGS. See online help for details.
c:\Users\mediaexplorer\source\repos\Bochs\iodev\usb\usb_hub.cc(215,3): warning C4996: 'sprintf': This function or variable may be unsafe. Consider using sprintf_s instead. To disable deprecation, use _CRT_SECURE_NO_WARNINGS. See online help for details.
c:\Users\mediaexplorer\source\repos\Bochs\iodev\usb\usb_hub.cc(216,3): warning C4996: 'sprintf': This function or variable may be unsafe. Consider using sprintf_s instead. To disable deprecation, use _CRT_SECURE_NO_WARNINGS. See online help for details.
c:\Users\mediaexplorer\source\repos\Bochs\iodev\usb\usb_hub.cc(266,5): warning C4996: 'sprintf': This function or variable may be unsafe. Consider using sprintf_s instead. To disable deprecation, use _CRT_SECURE_NO_WARNINGS. See online help for details.
c:\Users\mediaexplorer\source\repos\Bochs\iodev\usb\usb_hub.cc(267,5): warning C4996: 'sprintf': This function or variable may be unsafe. Consider using sprintf_s instead. To disable deprecation, use _CRT_SECURE_NO_WARNINGS. See online help for details.
c:\Users\mediaexplorer\source\repos\Bochs\iodev\usb\usb_hub.cc(285,3): warning C4996: 'sprintf': This function or variable may be unsafe. Consider using sprintf_s instead. To disable deprecation, use _CRT_SECURE_NO_WARNINGS. See online help for details.
c:\Users\mediaexplorer\source\repos\Bochs\iodev\usb\usb_hub.cc(303,5): warning C4996: 'sprintf': This function or variable may be unsafe. Consider using sprintf_s instead. To disable deprecation, use _CRT_SECURE_NO_WARNINGS. See online help for details.
c:\Users\mediaexplorer\source\repos\Bochs\iodev\usb\usb_hub.cc(579,7): warning C4996: 'sprintf': This function or variable may be unsafe. Consider using sprintf_s instead. To disable deprecation, use _CRT_SECURE_NO_WARNINGS. See online help for details.
c:\Users\mediaexplorer\source\repos\Bochs\iodev\usb\usb_hub.cc(680,9): warning C4996: 'sprintf': This function or variable may be unsafe. Consider using sprintf_s instead. To disable deprecation, use _CRT_SECURE_NO_WARNINGS. See online help for details.
  usb_msd.cc
c:\Users\mediaexplorer\source\repos\Bochs\iodev\usb\usb_msd.cc(356,5): warning C4996: 'strcpy': This function or variable may be unsafe. Consider using strcpy_s instead. To disable deprecation, use _CRT_SECURE_NO_WARNINGS. See online help for details.
c:\Users\mediaexplorer\source\repos\Bochs\iodev\usb\usb_msd.cc(363,5): warning C4996: 'strcpy': This function or variable may be unsafe. Consider using strcpy_s instead. To disable deprecation, use _CRT_SECURE_NO_WARNINGS. See online help for details.
c:\Users\mediaexplorer\source\repos\Bochs\iodev\usb\usb_msd.cc(366,5): warning C4996: 'sprintf': This function or variable may be unsafe. Consider using sprintf_s instead. To disable deprecation, use _CRT_SECURE_NO_WARNINGS. See online help for details.
c:\Users\mediaexplorer\source\repos\Bochs\iodev\usb\usb_msd.cc(367,5): warning C4996: 'sprintf': This function or variable may be unsafe. Consider using sprintf_s instead. To disable deprecation, use _CRT_SECURE_NO_WARNINGS. See online help for details.
c:\Users\mediaexplorer\source\repos\Bochs\iodev\usb\usb_msd.cc(420,5): warning C4996: 'strcpy': This function or variable may be unsafe. Consider using strcpy_s instead. To disable deprecation, use _CRT_SECURE_NO_WARNINGS. See online help for details.
c:\Users\mediaexplorer\source\repos\Bochs\iodev\usb\usb_msd.cc(422,14): warning C4996: 'strtok': This function or variable may be unsafe. Consider using strtok_s instead. To disable deprecation, use _CRT_SECURE_NO_WARNINGS. See online help for details.
c:\Users\mediaexplorer\source\repos\Bochs\iodev\usb\usb_msd.cc(423,14): warning C4996: 'strtok': This function or variable may be unsafe. Consider using strtok_s instead. To disable deprecation, use _CRT_SECURE_NO_WARNINGS. See online help for details.
c:\Users\mediaexplorer\source\repos\Bochs\iodev\usb\usb_msd.cc(427,9): warning C4996: 'strcpy': This function or variable may be unsafe. Consider using strcpy_s instead. To disable deprecation, use _CRT_SECURE_NO_WARNINGS. See online help for details.
c:\Users\mediaexplorer\source\repos\Bochs\iodev\usb\usb_msd.cc(431,9): warning C4996: 'strcpy': This function or variable may be unsafe. Consider using strcpy_s instead. To disable deprecation, use _CRT_SECURE_NO_WARNINGS. See online help for details.
c:\Users\mediaexplorer\source\repos\Bochs\iodev\usb\usb_msd.cc(434,7): warning C4996: 'strcpy': This function or variable may be unsafe. Consider using strcpy_s instead. To disable deprecation, use _CRT_SECURE_NO_WARNINGS. See online help for details.
c:\Users\mediaexplorer\source\repos\Bochs\iodev\usb\usb_msd.cc(440,7): warning C4996: 'strcpy': This function or variable may be unsafe. Consider using strcpy_s instead. To disable deprecation, use _CRT_SECURE_NO_WARNINGS. See online help for details.
c:\Users\mediaexplorer\source\repos\Bochs\iodev\usb\usb_msd.cc(502,7): warning C4996: 'sprintf': This function or variable may be unsafe. Consider using sprintf_s instead. To disable deprecation, use _CRT_SECURE_NO_WARNINGS. See online help for details.
c:\Users\mediaexplorer\source\repos\Bochs\iodev\usb\usb_msd.cc(512,7): warning C4996: 'sprintf': This function or variable may be unsafe. Consider using sprintf_s instead. To disable deprecation, use _CRT_SECURE_NO_WARNINGS. See online help for details.
c:\Users\mediaexplorer\source\repos\Bochs\iodev\usb\usb_msd.cc(514,7): warning C4996: 'sprintf': This function or variable may be unsafe. Consider using sprintf_s instead. To disable deprecation, use _CRT_SECURE_NO_WARNINGS. See online help for details.
  usb_ohci.cc
c:\Users\mediaexplorer\source\repos\Bochs\iodev\usb\usb_ohci.cc(145,5): warning C4996: 'sprintf': This function or variable may be unsafe. Consider using sprintf_s instead. To disable deprecation, use _CRT_SECURE_NO_WARNINGS. See online help for details.
c:\Users\mediaexplorer\source\repos\Bochs\iodev\usb\usb_ohci.cc(147,5): warning C4996: 'sprintf': This function or variable may be unsafe. Consider using sprintf_s instead. To disable deprecation, use _CRT_SECURE_NO_WARNINGS. See online help for details.
c:\Users\mediaexplorer\source\repos\Bochs\iodev\usb\usb_ohci.cc(198,5): warning C4996: 'sprintf': This function or variable may be unsafe. Consider using sprintf_s instead. To disable deprecation, use _CRT_SECURE_NO_WARNINGS. See online help for details.
c:\Users\mediaexplorer\source\repos\Bochs\iodev\usb\usb_ohci.cc(367,7): warning C4996: 'sprintf': This function or variable may be unsafe. Consider using sprintf_s instead. To disable deprecation, use _CRT_SECURE_NO_WARNINGS. See online help for details.
c:\Users\mediaexplorer\source\repos\Bochs\iodev\usb\usb_ohci.cc(454,5): warning C4996: 'sprintf': This function or variable may be unsafe. Consider using sprintf_s instead. To disable deprecation, use _CRT_SECURE_NO_WARNINGS. See online help for details.
c:\Users\mediaexplorer\source\repos\Bochs\iodev\usb\usb_ohci.cc(497,7): warning C4996: 'sprintf': This function or variable may be unsafe. Consider using sprintf_s instead. To disable deprecation, use _CRT_SECURE_NO_WARNINGS. See online help for details.
c:\Users\mediaexplorer\source\repos\Bochs\iodev\usb\usb_ohci.cc(1413,9): warning C4996: 'sprintf': This function or variable may be unsafe. Consider using sprintf_s instead. To disable deprecation, use _CRT_SECURE_NO_WARNINGS. See online help for details.
  usb_pcap.cc
c:\Users\mediaexplorer\source\repos\Bochs\iodev\usb\usb_pcap.cc(78,8): warning C4996: '_open': This function or variable may be unsafe. Consider using _sopen_s instead. To disable deprecation, use _CRT_SECURE_NO_WARNINGS. See online help for details.
  usb_printer.cc
c:\Users\mediaexplorer\source\repos\Bochs\iodev\usb\usb_printer.cc(146,3): warning C4996: 'strcpy': This function or variable may be unsafe. Consider using strcpy_s instead. To disable deprecation, use _CRT_SECURE_NO_WARNINGS. See online help for details.
c:\Users\mediaexplorer\source\repos\Bochs\iodev\usb\usb_printer.cc(158,3): warning C4996: 'sprintf': This function or variable may be unsafe. Consider using sprintf_s instead. To disable deprecation, use _CRT_SECURE_NO_WARNINGS. See online help for details.
c:\Users\mediaexplorer\source\repos\Bochs\iodev\usb\usb_printer.cc(159,3): warning C4996: 'sprintf': This function or variable may be unsafe. Consider using sprintf_s instead. To disable deprecation, use _CRT_SECURE_NO_WARNINGS. See online help for details.
c:\Users\mediaexplorer\source\repos\Bochs\iodev\usb\usb_printer.cc(188,5): warning C4996: 'strcpy': This function or variable may be unsafe. Consider using strcpy_s instead. To disable deprecation, use _CRT_SECURE_NO_WARNINGS. See online help for details.
c:\Users\mediaexplorer\source\repos\Bochs\iodev\usb\usb_printer.cc(198,12): warning C4996: 'fopen': This function or variable may be unsafe. Consider using fopen_s instead. To disable deprecation, use _CRT_SECURE_NO_WARNINGS. See online help for details.
c:\Users\mediaexplorer\source\repos\Bochs\iodev\usb\usb_printer.cc(202,7): warning C4996: 'sprintf': This function or variable may be unsafe. Consider using sprintf_s instead. To disable deprecation, use _CRT_SECURE_NO_WARNINGS. See online help for details.
c:\Users\mediaexplorer\source\repos\Bochs\iodev\usb\usb_printer.cc(340,25): warning C4996: 'fopen': This function or variable may be unsafe. Consider using fopen_s instead. To disable deprecation, use _CRT_SECURE_NO_WARNINGS. See online help for details.
c:\Users\mediaexplorer\source\repos\Bochs\iodev\usb\usb_printer.cc(342,11): warning C4996: 'strcpy': This function or variable may be unsafe. Consider using strcpy_s instead. To disable deprecation, use _CRT_SECURE_NO_WARNINGS. See online help for details.
c:\Users\mediaexplorer\source\repos\Bochs\iodev\usb\usb_printer.cc(343,11): warning C4996: 'sprintf': This function or variable may be unsafe. Consider using sprintf_s instead. To disable deprecation, use _CRT_SECURE_NO_WARNINGS. See online help for details.
  usb_uhci.cc
c:\Users\mediaexplorer\source\repos\Bochs\iodev\usb\usb_uhci.cc(115,5): warning C4996: 'sprintf': This function or variable may be unsafe. Consider using sprintf_s instead. To disable deprecation, use _CRT_SECURE_NO_WARNINGS. See online help for details.
c:\Users\mediaexplorer\source\repos\Bochs\iodev\usb\usb_uhci.cc(117,5): warning C4996: 'sprintf': This function or variable may be unsafe. Consider using sprintf_s instead. To disable deprecation, use _CRT_SECURE_NO_WARNINGS. See online help for details.
c:\Users\mediaexplorer\source\repos\Bochs\iodev\usb\usb_uhci.cc(164,5): warning C4996: 'sprintf': This function or variable may be unsafe. Consider using sprintf_s instead. To disable deprecation, use _CRT_SECURE_NO_WARNINGS. See online help for details.
c:\Users\mediaexplorer\source\repos\Bochs\iodev\usb\usb_uhci.cc(188,7): warning C4996: 'sprintf': This function or variable may be unsafe. Consider using sprintf_s instead. To disable deprecation, use _CRT_SECURE_NO_WARNINGS. See online help for details.
c:\Users\mediaexplorer\source\repos\Bochs\iodev\usb\usb_uhci.cc(211,7): warning C4996: 'sprintf': This function or variable may be unsafe. Consider using sprintf_s instead. To disable deprecation, use _CRT_SECURE_NO_WARNINGS. See online help for details.
c:\Users\mediaexplorer\source\repos\Bochs\iodev\usb\usb_uhci.cc(245,9): warning C4996: 'sprintf': This function or variable may be unsafe. Consider using sprintf_s instead. To disable deprecation, use _CRT_SECURE_NO_WARNINGS. See online help for details.
  usb_xhci.cc
c:\Users\mediaexplorer\source\repos\Bochs\iodev\usb\usb_xhci.cc(224,5): warning C4996: 'sprintf': This function or variable may be unsafe. Consider using sprintf_s instead. To disable deprecation, use _CRT_SECURE_NO_WARNINGS. See online help for details.
c:\Users\mediaexplorer\source\repos\Bochs\iodev\usb\usb_xhci.cc(226,5): warning C4996: 'sprintf': This function or variable may be unsafe. Consider using sprintf_s instead. To disable deprecation, use _CRT_SECURE_NO_WARNINGS. See online help for details.
c:\Users\mediaexplorer\source\repos\Bochs\iodev\usb\usb_xhci.cc(301,5): warning C4996: 'sprintf': This function or variable may be unsafe. Consider using sprintf_s instead. To disable deprecation, use _CRT_SECURE_NO_WARNINGS. See online help for details.
c:\Users\mediaexplorer\source\repos\Bochs\iodev\usb\usb_xhci.cc(549,7): warning C4996: 'sprintf': This function or variable may be unsafe. Consider using sprintf_s instead. To disable deprecation, use _CRT_SECURE_NO_WARNINGS. See online help for details.
c:\Users\mediaexplorer\source\repos\Bochs\iodev\usb\usb_xhci.cc(830,5): warning C4996: 'sprintf': This function or variable may be unsafe. Consider using sprintf_s instead. To disable deprecation, use _CRT_SECURE_NO_WARNINGS. See online help for details.
c:\Users\mediaexplorer\source\repos\Bochs\iodev\usb\usb_xhci.cc(885,5): warning C4996: 'sprintf': This function or variable may be unsafe. Consider using sprintf_s instead. To disable deprecation, use _CRT_SECURE_NO_WARNINGS. See online help for details.
c:\Users\mediaexplorer\source\repos\Bochs\iodev\usb\usb_xhci.cc(903,5): warning C4996: 'sprintf': This function or variable may be unsafe. Consider using sprintf_s instead. To disable deprecation, use _CRT_SECURE_NO_WARNINGS. See online help for details.
c:\Users\mediaexplorer\source\repos\Bochs\iodev\usb\usb_xhci.cc(924,7): warning C4996: 'sprintf': This function or variable may be unsafe. Consider using sprintf_s instead. To disable deprecation, use _CRT_SECURE_NO_WARNINGS. See online help for details.
c:\Users\mediaexplorer\source\repos\Bochs\iodev\usb\usb_xhci.cc(955,5): warning C4996: 'sprintf': This function or variable may be unsafe. Consider using sprintf_s instead. To disable deprecation, use _CRT_SECURE_NO_WARNINGS. See online help for details.
c:\Users\mediaexplorer\source\repos\Bochs\iodev\usb\usb_xhci.cc(963,7): warning C4996: 'sprintf': This function or variable may be unsafe. Consider using sprintf_s instead. To disable deprecation, use _CRT_SECURE_NO_WARNINGS. See online help for details.
c:\Users\mediaexplorer\source\repos\Bochs\iodev\usb\usb_xhci.cc(990,7): warning C4996: 'sprintf': This function or variable may be unsafe. Consider using sprintf_s instead. To disable deprecation, use _CRT_SECURE_NO_WARNINGS. See online help for details.
c:\Users\mediaexplorer\source\repos\Bochs\iodev\usb\usb_xhci.cc(3086,9): warning C4996: 'sprintf': This function or variable may be unsafe. Consider using sprintf_s instead. To disable deprecation, use _CRT_SECURE_NO_WARNINGS. See online help for details.
  Generating Code...
C:\Program Files\Microsoft Visual Studio\2022\Preview\MSBuild\Microsoft\VC\v170\Microsoft.CppBuild.targets(1546,5): warning MSB8012: TargetPath(c:\Users\mediaexplorer\source\repos\Bochs\obj-debug\iodev_usb\iodev_usb.lib) does not match the Library's OutputFile property value (c:\Users\mediaexplorer\source\repos\Bochs\obj-debug\iodev_usb.lib). This may cause your project to build incorrectly. To correct this, please make sure that $(OutDir), $(TargetName) and $(TargetExt) property values match the value specified in %(Lib.OutputFile).
  iodev_usb.vcxproj -> c:\Users\mediaexplorer\source\repos\Bochs\obj-debug\iodev_usb\iodev_usb.lib
