c:\users\mediaexplorer\source\repos\bochs\obj-debug\iodev_usb\usb_xhci.obj
c:\users\mediaexplorer\source\repos\bochs\obj-debug\iodev_usb\usb_uhci.obj
c:\users\mediaexplorer\source\repos\bochs\obj-debug\iodev_usb\usb_printer.obj
c:\users\mediaexplorer\source\repos\bochs\obj-debug\iodev_usb\usb_pcap.obj
c:\users\mediaexplorer\source\repos\bochs\obj-debug\iodev_usb\usb_ohci.obj
c:\users\mediaexplorer\source\repos\bochs\obj-debug\iodev_usb\usb_msd.obj
c:\users\mediaexplorer\source\repos\bochs\obj-debug\iodev_usb\usb_hub.obj
c:\users\mediaexplorer\source\repos\bochs\obj-debug\iodev_usb\usb_hid.obj
c:\users\mediaexplorer\source\repos\bochs\obj-debug\iodev_usb\usb_common.obj
c:\users\mediaexplorer\source\repos\bochs\obj-debug\iodev_usb\usb_floppy.obj
c:\users\mediaexplorer\source\repos\bochs\obj-debug\iodev_usb\uhci_core.obj
c:\users\mediaexplorer\source\repos\bochs\obj-debug\iodev_usb\scsi_device.obj
c:\users\mediaexplorer\source\repos\bochs\obj-debug\iodev_usb\usb_ehci.obj
c:\users\mediaexplorer\source\repos\bochs\obj-debug\iodev_usb.lib
c:\users\mediaexplorer\source\repos\bochs\obj-debug\iodev_usb\iodev_usb.tlog\cl.command.1.tlog
c:\users\mediaexplorer\source\repos\bochs\obj-debug\iodev_usb\iodev_usb.tlog\cl.read.1.tlog
c:\users\mediaexplorer\source\repos\bochs\obj-debug\iodev_usb\iodev_usb.tlog\cl.write.1.tlog
c:\users\mediaexplorer\source\repos\bochs\obj-debug\iodev_usb\iodev_usb.tlog\lib-link.read.1.tlog
c:\users\mediaexplorer\source\repos\bochs\obj-debug\iodev_usb\iodev_usb.tlog\lib-link.write.1.tlog
c:\users\mediaexplorer\source\repos\bochs\obj-debug\iodev_usb\iodev_usb.tlog\lib.command.1.tlog
